#
# There is insufficient memory for the Java Runtime Environment to continue.
# Native memory allocation (mmap) failed to map 45613056 bytes for committing reserved memory.
# Possible reasons:
#   The system is out of physical RAM or swap space
#   In 32 bit mode, the process size limit was hit
# Possible solutions:
#   Reduce memory load on the system
#   Increase physical memory or swap space
#   Check if swap backing store is full
#   Use 64 bit Java on a 64 bit OS
#   Decrease Java heap size (-Xmx/-Xms)
#   Decrease number of Java threads
#   Decrease Java thread stack sizes (-Xss)
#   Set larger code cache with -XX:ReservedCodeCacheSize=
# This output file may be truncated or incomplete.
#
#  Out of Memory Error (os_linux.cpp:2643), pid=7531, tid=0x00007fb1b8527700
#
# JRE version: OpenJDK Runtime Environment (8.0_151-b12) (build 1.8.0_151-8u151-b12-0ubuntu0.16.04.2-b12)
# Java VM: OpenJDK 64-Bit Server VM (25.151-b12 mixed mode linux-amd64 compressed oops)
# Failed to write core dump. Core dumps have been disabled. To enable core dumping, try "ulimit -c unlimited" before starting Java again
#

---------------  T H R E A D  ---------------

Current thread (0x00007fb1c8078800):  VMThread [stack: 0x00007fb1b8427000,0x00007fb1b8528000] [id=7539]

Stack: [0x00007fb1b8427000,0x00007fb1b8528000],  sp=0x00007fb1b8526480,  free space=1021k
Native frames: (J=compiled Java code, j=interpreted, Vv=VM code, C=native code)
V  [libjvm.so+0xa684eb]
V  [libjvm.so+0x4c579c]
V  [libjvm.so+0x8b6b50]
V  [libjvm.so+0x8b0fce]
V  [libjvm.so+0x92b806]
V  [libjvm.so+0x91ae9a]
V  [libjvm.so+0x91b0a3]
V  [libjvm.so+0x91ba08]
V  [libjvm.so+0x921cce]
V  [libjvm.so+0x92966d]
V  [libjvm.so+0x8db3c3]
V  [libjvm.so+0xa6a192]
V  [libjvm.so+0xa6f277]
V  [libjvm.so+0xa6ca47]
V  [libjvm.so+0xa6decf]
V  [libjvm.so+0xa6e3c1]
V  [libjvm.so+0x8b4032]

VM_Operation (0x00007fb18676b700): ParallelGCFailedAllocation, mode: safepoint, requested by thread 0x00007fb1c8ad5000


---------------  P R O C E S S  ---------------

Java Threads: ( => current thread )
  0x00007fb1c800f800 JavaThread "DestroyJavaVM" [_thread_blocked, id=7536, stack(0x00007fb1d2015000,0x00007fb1d2116000)]
  0x00007fb1c8b22800 JavaThread "http-nio-8088-AsyncTimeout" daemon [_thread_blocked, id=7571, stack(0x00007fb1859ec000,0x00007fb185aed000)]
  0x00007fb1c8b21000 JavaThread "http-nio-8088-Acceptor-0" daemon [_thread_in_native, id=7570, stack(0x00007fb185aed000,0x00007fb185bee000)]
  0x00007fb1c8b1c800 JavaThread "http-nio-8088-ClientPoller-1" daemon [_thread_blocked, id=7569, stack(0x00007fb185bee000,0x00007fb185cef000)]
  0x00007fb1c8b02000 JavaThread "http-nio-8088-ClientPoller-0" daemon [_thread_blocked, id=7568, stack(0x00007fb185cef000,0x00007fb185df0000)]
  0x00007fb1c8ae6000 JavaThread "http-nio-8088-exec-10" daemon [_thread_blocked, id=7567, stack(0x00007fb185df0000,0x00007fb185ef1000)]
  0x00007fb1c8ae4000 JavaThread "http-nio-8088-exec-9" daemon [_thread_blocked, id=7566, stack(0x00007fb185ef1000,0x00007fb185ff2000)]
  0x00007fb1c8ae2800 JavaThread "http-nio-8088-exec-8" daemon [_thread_blocked, id=7565, stack(0x00007fb185ff2000,0x00007fb1860f3000)]
  0x00007fb1c8ae0800 JavaThread "http-nio-8088-exec-7" daemon [_thread_blocked, id=7564, stack(0x00007fb1860f3000,0x00007fb1861f4000)]
  0x00007fb1c8ade800 JavaThread "http-nio-8088-exec-6" daemon [_thread_blocked, id=7563, stack(0x00007fb1861f4000,0x00007fb1862f5000)]
  0x00007fb1c8adc800 JavaThread "http-nio-8088-exec-5" daemon [_thread_blocked, id=7562, stack(0x00007fb1862f5000,0x00007fb1863f6000)]
  0x00007fb1c8ada800 JavaThread "http-nio-8088-exec-4" daemon [_thread_blocked, id=7561, stack(0x00007fb1863f6000,0x00007fb1864f7000)]
  0x00007fb1c8ad8800 JavaThread "http-nio-8088-exec-3" daemon [_thread_blocked, id=7560, stack(0x00007fb1864f7000,0x00007fb1865f8000)]
  0x00007fb1c8ad6800 JavaThread "http-nio-8088-exec-2" daemon [_thread_blocked, id=7559, stack(0x00007fb1865f8000,0x00007fb1866f9000)]
  0x00007fb1c8ad5000 JavaThread "http-nio-8088-exec-1" daemon [_thread_blocked, id=7558, stack(0x00007fb1866f9000,0x00007fb1867fa000)]
  0x00007fb1c8ab6000 JavaThread "NioBlockingSelector.BlockPoller-1" daemon [_thread_blocked, id=7557, stack(0x00007fb1867fa000,0x00007fb1868fb000)]
  0x00007fb1c898d000 JavaThread "container-0" [_thread_blocked, id=7556, stack(0x00007fb186cfb000,0x00007fb186dfc000)]
  0x00007fb1c897f000 JavaThread "ContainerBackgroundProcessor[StandardEngine[Tomcat]]" daemon [_thread_blocked, id=7555, stack(0x00007fb186dfc000,0x00007fb186efd000)]
  0x00007fb174152000 JavaThread "localhost-startStop-1" daemon [_thread_blocked, id=7554, stack(0x00007fb186efd000,0x00007fb186ffe000)]
  0x00007fb1c897e800 JavaThread "Tomcat-startStop-1" daemon [_thread_blocked, id=7553, stack(0x00007fb187bfe000,0x00007fb187cff000)]
  0x00007fb1c851c800 JavaThread "RMI TCP Accept-0" daemon [_thread_in_native, id=7549, stack(0x00007fb1a8044000,0x00007fb1a8145000)]
  0x00007fb1c8501000 JavaThread "RMI TCP Accept-45079" daemon [_thread_in_native, id=7548, stack(0x00007fb1a8145000,0x00007fb1a8246000)]
  0x00007fb1c84ec000 JavaThread "RMI TCP Accept-0" daemon [_thread_in_native, id=7547, stack(0x00007fb1a8246000,0x00007fb1a8347000)]
  0x00007fb1c80b4800 JavaThread "Service Thread" daemon [_thread_blocked, id=7546, stack(0x00007fb1abb26000,0x00007fb1abc27000)]
  0x00007fb1c80b1800 JavaThread "C1 CompilerThread1" daemon [_thread_blocked, id=7545, stack(0x00007fb1abc27000,0x00007fb1abd28000)]
  0x00007fb1c80ae800 JavaThread "C2 CompilerThread0" daemon [_thread_blocked, id=7544, stack(0x00007fb1b8023000,0x00007fb1b8124000)]
  0x00007fb1c80ac800 JavaThread "Signal Dispatcher" daemon [_thread_blocked, id=7543, stack(0x00007fb1b8124000,0x00007fb1b8225000)]
  0x00007fb1c8085000 JavaThread "Finalizer" daemon [_thread_blocked, id=7541, stack(0x00007fb1b8225000,0x00007fb1b8326000)]
  0x00007fb1c8080800 JavaThread "Reference Handler" daemon [_thread_blocked, id=7540, stack(0x00007fb1b8326000,0x00007fb1b8427000)]

Other Threads:
=>0x00007fb1c8078800 VMThread [stack: 0x00007fb1b8427000,0x00007fb1b8528000] [id=7539]
  0x00007fb1c851f000 WatcherThread [stack: 0x00007fb187eff000,0x00007fb188000000] [id=7550]

VM state:at safepoint (normal execution)

VM Mutex/Monitor currently owned by a thread:  ([mutex/lock_event])
[0x00007fb1c800b430] ExpandHeap_lock - owner thread: 0x00007fb1c8078800
[0x00007fb1c800bab0] Threads_lock - owner thread: 0x00007fb1c8078800
[0x00007fb1c800bfb0] Heap_lock - owner thread: 0x00007fb1c8ad5000

Heap:
 PSYoungGen      total 218112K, used 10469K [0x00000000f0580000, 0x0000000100000000, 0x0000000100000000)
  eden space 199168K, 0% used [0x00000000f0580000,0x00000000f0580000,0x00000000fc800000)
  from space 18944K, 55% used [0x00000000fed80000,0x00000000ff7b9440,0x0000000100000000)
  to   space 28672K, 0% used [0x00000000fc800000,0x00000000fc800000,0x00000000fe400000)
 ParOldGen       total 58880K, used 58598K [0x00000000d1000000, 0x00000000d4980000, 0x00000000f0580000)
  object space 58880K, 99% used [0x00000000d1000000,0x00000000d4939890,0x00000000d4980000)
 Metaspace       used 30698K, capacity 31194K, committed 31488K, reserved 1077248K
  class space    used 3926K, capacity 4049K, committed 4096K, reserved 1048576K

Card table byte_map: [0x00007fb1ce54f000,0x00007fb1ce6c8000] byte_map_base: 0x00007fb1cdec7000

Marking Bits: (ParMarkBitMap*) 0x00007fb1d12db2c0
 Begin Bits: [0x00007fb1ccad2000, 0x00007fb1cd692000)
 End Bits:   [0x00007fb1cd692000, 0x00007fb1ce252000)

Polling page: 0x00007fb1d212f000

CodeCache: size=245760Kb used=7360Kb max_used=7360Kb free=238400Kb
 bounds [0x00007fb1b9000000, 0x00007fb1b9740000, 0x00007fb1c8000000]
 total_blobs=3807 nmethods=3383 adapters=338
 compilation: enabled

Compilation events (10 events):
Event: 9.714 Thread 0x00007fb1c80b1800 3379   !   1       sun.reflect.GeneratedMethodAccessor82::invoke (140 bytes)
Event: 9.715 Thread 0x00007fb1c80b1800 nmethod 3379 0x00007fb1b972cc90 code [0x00007fb1b972cea0, 0x00007fb1b972d5b8]
Event: 9.715 Thread 0x00007fb1c80b1800 3380   !   1       sun.reflect.GeneratedMethodAccessor83::invoke (68 bytes)
Event: 9.715 Thread 0x00007fb1c80b1800 nmethod 3380 0x00007fb1b972dc50 code [0x00007fb1b972de20, 0x00007fb1b972e2a8]
Event: 9.718 Thread 0x00007fb1c80b1800 3381   !   1       sun.reflect.GeneratedConstructorAccessor37::newInstance (49 bytes)
Event: 9.718 Thread 0x00007fb1c80b1800 nmethod 3381 0x00007fb1b972e690 code [0x00007fb1b972e820, 0x00007fb1b972eb08]
Event: 9.718 Thread 0x00007fb1c80b1800 3382   !   1       sun.reflect.GeneratedMethodAccessor84::invoke (66 bytes)
Event: 9.719 Thread 0x00007fb1c80b1800 nmethod 3382 0x00007fb1b972ed50 code [0x00007fb1b972ef20, 0x00007fb1b972f3c8]
Event: 9.719 Thread 0x00007fb1c80b1800 3383   !   1       sun.reflect.GeneratedMethodAccessor85::invoke (61 bytes)
Event: 9.719 Thread 0x00007fb1c80b1800 nmethod 3383 0x00007fb1b972f7d0 code [0x00007fb1b972f9a0, 0x00007fb1b972fdc8]

GC Heap History (10 events):
Event: 4.455 GC heap after
Heap after GC invocations=12 (full 1):
 PSYoungGen      total 159744K, used 7070K [0x00000000f0580000, 0x00000000fd700000, 0x0000000100000000)
  eden space 150528K, 0% used [0x00000000f0580000,0x00000000f0580000,0x00000000f9880000)
  from space 9216K, 76% used [0x00000000f9880000,0x00000000f9f67858,0x00000000fa180000)
  to   space 9728K, 0% used [0x00000000fcd80000,0x00000000fcd80000,0x00000000fd700000)
 ParOldGen       total 28672K, used 21496K [0x00000000d1000000, 0x00000000d2c00000, 0x00000000f0580000)
  object space 28672K, 74% used [0x00000000d1000000,0x00000000d24fe348,0x00000000d2c00000)
 Metaspace       used 28362K, capacity 28710K, committed 28928K, reserved 1075200K
  class space    used 3625K, capacity 3741K, committed 3840K, reserved 1048576K
}
Event: 9.199 GC heap before
{Heap before GC invocations=13 (full 1):
 PSYoungGen      total 159744K, used 157598K [0x00000000f0580000, 0x00000000fd700000, 0x0000000100000000)
  eden space 150528K, 100% used [0x00000000f0580000,0x00000000f9880000,0x00000000f9880000)
  from space 9216K, 76% used [0x00000000f9880000,0x00000000f9f67858,0x00000000fa180000)
  to   space 9728K, 0% used [0x00000000fcd80000,0x00000000fcd80000,0x00000000fd700000)
 ParOldGen       total 28672K, used 21496K [0x00000000d1000000, 0x00000000d2c00000, 0x00000000f0580000)
  object space 28672K, 74% used [0x00000000d1000000,0x00000000d24fe348,0x00000000d2c00000)
 Metaspace       used 30690K, capacity 31194K, committed 31488K, reserved 1077248K
  class space    used 3926K, capacity 4049K, committed 4096K, reserved 1048576K
Event: 9.245 GC heap after
Heap after GC invocations=13 (full 1):
 PSYoungGen      total 200704K, used 9712K [0x00000000f0580000, 0x00000000fec00000, 0x0000000100000000)
  eden space 190976K, 0% used [0x00000000f0580000,0x00000000f0580000,0x00000000fc000000)
  from space 9728K, 99% used [0x00000000fcd80000,0x00000000fd6fc060,0x00000000fd700000)
  to   space 13824K, 0% used [0x00000000fc000000,0x00000000fc000000,0x00000000fcd80000)
 ParOldGen       total 29696K, used 29280K [0x00000000d1000000, 0x00000000d2d00000, 0x00000000f0580000)
  object space 29696K, 98% used [0x00000000d1000000,0x00000000d2c98240,0x00000000d2d00000)
 Metaspace       used 30690K, capacity 31194K, committed 31488K, reserved 1077248K
  class space    used 3926K, capacity 4049K, committed 4096K, reserved 1048576K
}
Event: 9.246 GC heap before
{Heap before GC invocations=14 (full 2):
 PSYoungGen      total 200704K, used 9712K [0x00000000f0580000, 0x00000000fec00000, 0x0000000100000000)
  eden space 190976K, 0% used [0x00000000f0580000,0x00000000f0580000,0x00000000fc000000)
  from space 9728K, 99% used [0x00000000fcd80000,0x00000000fd6fc060,0x00000000fd700000)
  to   space 13824K, 0% used [0x00000000fc000000,0x00000000fc000000,0x00000000fcd80000)
 ParOldGen       total 29696K, used 29280K [0x00000000d1000000, 0x00000000d2d00000, 0x00000000f0580000)
  object space 29696K, 98% used [0x00000000d1000000,0x00000000d2c98240,0x00000000d2d00000)
 Metaspace       used 30690K, capacity 31194K, committed 31488K, reserved 1077248K
  class space    used 3926K, capacity 4049K, committed 4096K, reserved 1048576K
Event: 9.435 GC heap after
Heap after GC invocations=14 (full 2):
 PSYoungGen      total 200704K, used 0K [0x00000000f0580000, 0x00000000fec00000, 0x0000000100000000)
  eden space 190976K, 0% used [0x00000000f0580000,0x00000000f0580000,0x00000000fc000000)
  from space 9728K, 0% used [0x00000000fcd80000,0x00000000fcd80000,0x00000000fd700000)
  to   space 13824K, 0% used [0x00000000fc000000,0x00000000fc000000,0x00000000fcd80000)
 ParOldGen       total 58880K, used 28616K [0x00000000d1000000, 0x00000000d4980000, 0x00000000f0580000)
  object space 58880K, 48% used [0x00000000d1000000,0x00000000d2bf23d0,0x00000000d4980000)
 Metaspace       used 30690K, capacity 31194K, committed 31488K, reserved 1077248K
  class space    used 3926K, capacity 4049K, committed 4096K, reserved 1048576K
}
Event: 9.648 GC heap before
{Heap before GC invocations=15 (full 2):
 PSYoungGen      total 200704K, used 190976K [0x00000000f0580000, 0x00000000fec00000, 0x0000000100000000)
  eden space 190976K, 100% used [0x00000000f0580000,0x00000000fc000000,0x00000000fc000000)
  from space 9728K, 0% used [0x00000000fcd80000,0x00000000fcd80000,0x00000000fd700000)
  to   space 13824K, 0% used [0x00000000fc000000,0x00000000fc000000,0x00000000fcd80000)
 ParOldGen       total 58880K, used 28616K [0x00000000d1000000, 0x00000000d4980000, 0x00000000f0580000)
  object space 58880K, 48% used [0x00000000d1000000,0x00000000d2bf23d0,0x00000000d4980000)
 Metaspace       used 30698K, capacity 31194K, committed 31488K, reserved 1077248K
  class space    used 3926K, capacity 4049K, committed 4096K, reserved 1048576K
Event: 9.684 GC heap after
Heap after GC invocations=15 (full 2):
 PSYoungGen      total 204800K, used 13800K [0x00000000f0580000, 0x0000000100000000, 0x0000000100000000)
  eden space 190976K, 0% used [0x00000000f0580000,0x00000000f0580000,0x00000000fc000000)
  from space 13824K, 99% used [0x00000000fc000000,0x00000000fcd7a330,0x00000000fcd80000)
  to   space 18944K, 0% used [0x00000000fed80000,0x00000000fed80000,0x0000000100000000)
 ParOldGen       total 58880K, used 37516K [0x00000000d1000000, 0x00000000d4980000, 0x00000000f0580000)
  object space 58880K, 63% used [0x00000000d1000000,0x00000000d34a30c0,0x00000000d4980000)
 Metaspace       used 30698K, capacity 31194K, committed 31488K, reserved 1077248K
  class space    used 3926K, capacity 4049K, committed 4096K, reserved 1048576K
}
Event: 9.843 GC heap before
{Heap before GC invocations=16 (full 2):
 PSYoungGen      total 204800K, used 204776K [0x00000000f0580000, 0x0000000100000000, 0x0000000100000000)
  eden space 190976K, 100% used [0x00000000f0580000,0x00000000fc000000,0x00000000fc000000)
  from space 13824K, 99% used [0x00000000fc000000,0x00000000fcd7a330,0x00000000fcd80000)
  to   space 18944K, 0% used [0x00000000fed80000,0x00000000fed80000,0x0000000100000000)
 ParOldGen       total 58880K, used 37516K [0x00000000d1000000, 0x00000000d4980000, 0x00000000f0580000)
  object space 58880K, 63% used [0x00000000d1000000,0x00000000d34a30c0,0x00000000d4980000)
 Metaspace       used 30698K, capacity 31194K, committed 31488K, reserved 1077248K
  class space    used 3926K, capacity 4049K, committed 4096K, reserved 1048576K
Event: 9.983 GC heap after
Heap after GC invocations=16 (full 2):
 PSYoungGen      total 218112K, used 18917K [0x00000000f0580000, 0x0000000100000000, 0x0000000100000000)
  eden space 199168K, 0% used [0x00000000f0580000,0x00000000f0580000,0x00000000fc800000)
  from space 18944K, 99% used [0x00000000fed80000,0x00000000ffff9788,0x0000000100000000)
  to   space 28672K, 0% used [0x00000000fc800000,0x00000000fc800000,0x00000000fe400000)
 ParOldGen       total 58880K, used 55941K [0x00000000d1000000, 0x00000000d4980000, 0x00000000f0580000)
  object space 58880K, 95% used [0x00000000d1000000,0x00000000d46a1438,0x00000000d4980000)
 Metaspace       used 30698K, capacity 31194K, committed 31488K, reserved 1077248K
  class space    used 3926K, capacity 4049K, committed 4096K, reserved 1048576K
}
Event: 10.117 GC heap before
{Heap before GC invocations=17 (full 3):
 PSYoungGen      total 218112K, used 18917K [0x00000000f0580000, 0x0000000100000000, 0x0000000100000000)
  eden space 199168K, 0% used [0x00000000f0580000,0x00000000f0580000,0x00000000fc800000)
  from space 18944K, 99% used [0x00000000fed80000,0x00000000ffff9788,0x0000000100000000)
  to   space 28672K, 0% used [0x00000000fc800000,0x00000000fc800000,0x00000000fe400000)
 ParOldGen       total 58880K, used 55941K [0x00000000d1000000, 0x00000000d4980000, 0x00000000f0580000)
  object space 58880K, 95% used [0x00000000d1000000,0x00000000d46a1438,0x00000000d4980000)
 Metaspace       used 30698K, capacity 31194K, committed 31488K, reserved 1077248K
  class space    used 3926K, capacity 4049K, committed 4096K, reserved 1048576K

Deoptimization events (0 events):
No events

Internal exceptions (10 events):
Event: 9.033 Thread 0x00007fb1c8ad5000 Exception <a 'java/lang/ArrayIndexOutOfBoundsException'> (0x00000000f37d5a20) thrown at [/build/openjdk-8-W2Qe27/openjdk-8-8u151-b12/src/hotspot/src/share/vm/runtime/sharedRuntime.cpp, line 605]
Event: 9.091 Thread 0x00007fb1c8ad5000 Exception <a 'java/lang/ArrayIndexOutOfBoundsException'> (0x00000000f3e5ba78) thrown at [/build/openjdk-8-W2Qe27/openjdk-8-8u151-b12/src/hotspot/src/share/vm/runtime/sharedRuntime.cpp, line 605]
Event: 9.092 Thread 0x00007fb1c8ad5000 Exception <a 'java/lang/ArrayIndexOutOfBoundsException'> (0x00000000f3e5d388) thrown at [/build/openjdk-8-W2Qe27/openjdk-8-8u151-b12/src/hotspot/src/share/vm/runtime/sharedRuntime.cpp, line 605]
Event: 9.092 Thread 0x00007fb1c8ad5000 Exception <a 'java/lang/ArrayIndexOutOfBoundsException'> (0x00000000f3e5e380) thrown at [/build/openjdk-8-W2Qe27/openjdk-8-8u151-b12/src/hotspot/src/share/vm/runtime/sharedRuntime.cpp, line 605]
Event: 9.092 Thread 0x00007fb1c8ad5000 Exception <a 'java/lang/ArrayIndexOutOfBoundsException'> (0x00000000f3e5f588) thrown at [/build/openjdk-8-W2Qe27/openjdk-8-8u151-b12/src/hotspot/src/share/vm/runtime/sharedRuntime.cpp, line 605]
Event: 9.092 Thread 0x00007fb1c8ad5000 Exception <a 'java/lang/ArrayIndexOutOfBoundsException'> (0x00000000f3e61c70) thrown at [/build/openjdk-8-W2Qe27/openjdk-8-8u151-b12/src/hotspot/src/share/vm/runtime/sharedRuntime.cpp, line 605]
Event: 9.092 Thread 0x00007fb1c8ad5000 Exception <a 'java/lang/ArrayIndexOutOfBoundsException'> (0x00000000f3e64248) thrown at [/build/openjdk-8-W2Qe27/openjdk-8-8u151-b12/src/hotspot/src/share/vm/runtime/sharedRuntime.cpp, line 605]
Event: 9.092 Thread 0x00007fb1c8ad5000 Exception <a 'java/lang/ArrayIndexOutOfBoundsException'> (0x00000000f3e65768) thrown at [/build/openjdk-8-W2Qe27/openjdk-8-8u151-b12/src/hotspot/src/share/vm/runtime/sharedRuntime.cpp, line 605]
Event: 9.092 Thread 0x00007fb1c8ad5000 Exception <a 'java/lang/ArrayIndexOutOfBoundsException'> (0x00000000f3e68030) thrown at [/build/openjdk-8-W2Qe27/openjdk-8-8u151-b12/src/hotspot/src/share/vm/runtime/sharedRuntime.cpp, line 605]
Event: 9.092 Thread 0x00007fb1c8ad5000 Exception <a 'java/lang/ArrayIndexOutOfBoundsException'> (0x00000000f3e69b80) thrown at [/build/openjdk-8-W2Qe27/openjdk-8-8u151-b12/src/hotspot/src/share/vm/runtime/sharedRuntime.cpp, line 605]

Events (10 events):
Event: 9.451 Executing VM operation: RevokeBias done
Event: 9.456 Executing VM operation: RevokeBias
Event: 9.458 Executing VM operation: RevokeBias done
Event: 9.461 Executing VM operation: RevokeBias
Event: 9.465 Executing VM operation: RevokeBias done
Event: 9.466 Executing VM operation: RevokeBias
Event: 9.468 Executing VM operation: RevokeBias done
Event: 9.648 Executing VM operation: ParallelGCFailedAllocation
Event: 9.684 Executing VM operation: ParallelGCFailedAllocation done
Event: 9.842 Executing VM operation: ParallelGCFailedAllocation


Dynamic libraries:
00400000-00401000 r-xp 00000000 08:01 287217                             /usr/lib/jvm/java-8-openjdk-amd64/jre/bin/java
00600000-00601000 r--p 00000000 08:01 287217                             /usr/lib/jvm/java-8-openjdk-amd64/jre/bin/java
00601000-00602000 rw-p 00001000 08:01 287217                             /usr/lib/jvm/java-8-openjdk-amd64/jre/bin/java
013b8000-0143d000 rw-p 00000000 00:00 0                                  [heap]
d1000000-d4980000 rw-p 00000000 00:00 0 
d7500000-f0580000 ---p 00000000 00:00 0 
f0580000-100000000 rw-p 00000000 00:00 0 
100000000-100400000 rw-p 00000000 00:00 0 
100400000-140000000 ---p 00000000 00:00 0 
7fb174000000-7fb1741ad000 rw-p 00000000 00:00 0 
7fb1741ad000-7fb178000000 ---p 00000000 00:00 0 
7fb17c000000-7fb17c021000 rw-p 00000000 00:00 0 
7fb17c021000-7fb180000000 ---p 00000000 00:00 0 
7fb180000000-7fb180021000 rw-p 00000000 00:00 0 
7fb180021000-7fb184000000 ---p 00000000 00:00 0 
7fb1857ec000-7fb1858ac000 rw-p 00000000 00:00 0 
7fb1858ac000-7fb1859ec000 ---p 00000000 00:00 0 
7fb1859ec000-7fb1859ef000 ---p 00000000 00:00 0 
7fb1859ef000-7fb185aed000 rw-p 00000000 00:00 0 
7fb185aed000-7fb185af0000 ---p 00000000 00:00 0 
7fb185af0000-7fb185bee000 rw-p 00000000 00:00 0 
7fb185bee000-7fb185bf1000 ---p 00000000 00:00 0 
7fb185bf1000-7fb185cef000 rw-p 00000000 00:00 0 
7fb185cef000-7fb185cf2000 ---p 00000000 00:00 0 
7fb185cf2000-7fb185df0000 rw-p 00000000 00:00 0 
7fb185df0000-7fb185df3000 ---p 00000000 00:00 0 
7fb185df3000-7fb185ef1000 rw-p 00000000 00:00 0 
7fb185ef1000-7fb185ef4000 ---p 00000000 00:00 0 
7fb185ef4000-7fb185ff2000 rw-p 00000000 00:00 0 
7fb185ff2000-7fb185ff5000 ---p 00000000 00:00 0 
7fb185ff5000-7fb1860f3000 rw-p 00000000 00:00 0 
7fb1860f3000-7fb1860f6000 ---p 00000000 00:00 0 
7fb1860f6000-7fb1861f4000 rw-p 00000000 00:00 0 
7fb1861f4000-7fb1861f7000 ---p 00000000 00:00 0 
7fb1861f7000-7fb1862f5000 rw-p 00000000 00:00 0 
7fb1862f5000-7fb1862f8000 ---p 00000000 00:00 0 
7fb1862f8000-7fb1863f6000 rw-p 00000000 00:00 0 
7fb1863f6000-7fb1863f9000 ---p 00000000 00:00 0 
7fb1863f9000-7fb1864f7000 rw-p 00000000 00:00 0 
7fb1864f7000-7fb1864fa000 ---p 00000000 00:00 0 
7fb1864fa000-7fb1865f8000 rw-p 00000000 00:00 0 
7fb1865f8000-7fb1865fb000 ---p 00000000 00:00 0 
7fb1865fb000-7fb1866f9000 rw-p 00000000 00:00 0 
7fb1866f9000-7fb1866fc000 ---p 00000000 00:00 0 
7fb1866fc000-7fb1867fa000 rw-p 00000000 00:00 0 
7fb1867fa000-7fb1867fd000 ---p 00000000 00:00 0 
7fb1867fd000-7fb186afb000 rw-p 00000000 00:00 0 
7fb186afb000-7fb186cfb000 rw-p 00000000 00:00 0 
7fb186cfb000-7fb186cfe000 ---p 00000000 00:00 0 
7fb186cfe000-7fb186dfc000 rw-p 00000000 00:00 0 
7fb186dfc000-7fb186dff000 ---p 00000000 00:00 0 
7fb186dff000-7fb186efd000 rw-p 00000000 00:00 0 
7fb186efd000-7fb186f00000 ---p 00000000 00:00 0 
7fb186f00000-7fb1871fe000 rw-p 00000000 00:00 0 
7fb1871fe000-7fb1873fe000 rw-p 00000000 00:00 0 
7fb1873fe000-7fb1875fe000 rw-p 00000000 00:00 0 
7fb1875fe000-7fb1877fe000 rw-p 00000000 00:00 0 
7fb1877fe000-7fb1879fe000 rw-p 00000000 00:00 0 
7fb1879fe000-7fb187bfe000 rw-p 00000000 00:00 0 
7fb187bfe000-7fb187c01000 ---p 00000000 00:00 0 
7fb187c01000-7fb187eff000 rw-p 00000000 00:00 0 
7fb187eff000-7fb187f00000 ---p 00000000 00:00 0 
7fb187f00000-7fb188000000 rw-p 00000000 00:00 0 
7fb188000000-7fb188021000 rw-p 00000000 00:00 0 
7fb188021000-7fb18c000000 ---p 00000000 00:00 0 
7fb18c000000-7fb18c055000 rw-p 00000000 00:00 0 
7fb18c055000-7fb190000000 ---p 00000000 00:00 0 
7fb190000000-7fb1906d7000 rw-p 00000000 00:00 0 
7fb1906d7000-7fb194000000 ---p 00000000 00:00 0 
7fb194000000-7fb194021000 rw-p 00000000 00:00 0 
7fb194021000-7fb198000000 ---p 00000000 00:00 0 
7fb198000000-7fb198056000 rw-p 00000000 00:00 0 
7fb198056000-7fb19c000000 ---p 00000000 00:00 0 
7fb19c000000-7fb19c021000 rw-p 00000000 00:00 0 
7fb19c021000-7fb1a0000000 ---p 00000000 00:00 0 
7fb1a0000000-7fb1a0021000 rw-p 00000000 00:00 0 
7fb1a0021000-7fb1a4000000 ---p 00000000 00:00 0 
7fb1a4000000-7fb1a4021000 rw-p 00000000 00:00 0 
7fb1a4021000-7fb1a8000000 ---p 00000000 00:00 0 
7fb1a802c000-7fb1a8031000 r--s 002f9000 08:01 287197                     /usr/lib/jvm/java-8-openjdk-amd64/jre/lib/charsets.jar
7fb1a8031000-7fb1a8044000 r--s 00346000 08:01 287198                     /usr/lib/jvm/java-8-openjdk-amd64/jre/lib/resources.jar
7fb1a8044000-7fb1a8047000 ---p 00000000 00:00 0 
7fb1a8047000-7fb1a8145000 rw-p 00000000 00:00 0 
7fb1a8145000-7fb1a8148000 ---p 00000000 00:00 0 
7fb1a8148000-7fb1a8246000 rw-p 00000000 00:00 0 
7fb1a8246000-7fb1a8249000 ---p 00000000 00:00 0 
7fb1a8249000-7fb1a8347000 rw-p 00000000 00:00 0 
7fb1a8347000-7fb1a834c000 r--s 0009a000 08:01 287199                     /usr/lib/jvm/java-8-openjdk-amd64/jre/lib/jsse.jar
7fb1a834c000-7fb1a834d000 r--s 0000c000 08:01 56361                      /home/student/.gradle/caches/modules-2/files-2.1/org.ow2.asm/asm/5.0.3/dcc2193db20e19e1feca8b1240dbbc4e190824fa/asm-5.0.3.jar
7fb1a834d000-7fb1a834f000 r--s 00012000 08:01 56360                      /home/student/.gradle/caches/modules-2/files-2.1/net.minidev/accessors-smart/1.1/a527213f2fea112a04c9bdf0ec0264e34104cd08/accessors-smart-1.1.jar
7fb1a834f000-7fb1a8350000 r--s 00004000 08:01 56359                      /home/student/.gradle/caches/modules-2/files-2.1/com.vaadin.external.google/android-json/0.0.20131108.vaadin1/fa26d351fe62a6a17f5cda1287c1c6110dec413f/android-json-0.0.20131108.vaadin1.jar
7fb1a8350000-7fb1a8352000 r--s 00009000 08:01 56358                      /home/student/.gradle/caches/modules-2/files-2.1/org.objenesis/objenesis/2.1/87c0ea803b69252868d09308b4618f766f135a96/objenesis-2.1.jar
7fb1a8352000-7fb1a8355000 r--s 0001b000 08:01 56357                      /home/student/.gradle/caches/modules-2/files-2.1/net.minidev/json-smart/2.2.1/5b9e5df7a62d1279b70dc882b041d249c4f0b002/json-smart-2.2.1.jar
7fb1a8355000-7fb1a8363000 r--s 00085000 08:01 56356                      /home/student/.gradle/caches/modules-2/files-2.1/org.springframework/spring-test/4.3.13.RELEASE/f4ff71b0d628d37f334d4f1f197c1b8cea364d01/spring-test-4.3.13.RELEASE.jar
7fb1a8363000-7fb1a8365000 r--s 00006000 08:01 56355                      /home/student/.gradle/caches/modules-2/files-2.1/org.skyscreamer/jsonassert/1.4.0/9cdbb373a06f6513e51e8c545ee6a5e981463edb/jsonassert-1.4.0.jar
7fb1a8365000-7fb1a8366000 r--s 0000c000 08:01 12719                      /home/student/.gradle/caches/modules-2/files-2.1/org.hamcrest/hamcrest-library/1.3/4785a3c21320980282f9f33d0d1264a69040538f/hamcrest-library-1.3.jar
7fb1a8366000-7fb1a8382000 r--s 00103000 08:01 56354                      /home/student/.gradle/caches/modules-2/files-2.1/org.mockito/mockito-core/1.10.19/e8546f5bef4e061d8dd73895b4e8f40e3fe6effe/mockito-core-1.10.19.jar
7fb1a8382000-7fb1a8396000 r--s 000dc000 08:01 56353                      /home/student/.gradle/caches/modules-2/files-2.1/org.assertj/assertj-core/2.6.0/b532c3fc4f66bcfee4989a3514f1cd56203a33ad/assertj-core-2.6.0.jar
7fb1a8396000-7fb1a839b000 r--s 0002e000 08:01 56352                      /home/student/.gradle/caches/modules-2/files-2.1/com.jayway.jsonpath/json-path/2.2.0/22290d17944bd239fabf5ac69005a60a7ecbbbcb/json-path-2.2.0.jar
7fb1a839b000-7fb1a83a0000 r--s 00019000 08:01 56351                      /home/student/.gradle/caches/modules-2/files-2.1/org.springframework.boot/spring-boot-test-autoconfigure/1.5.9.RELEASE/b428495e25b0531b2a977f51c5d29011c817b8ee/spring-boot-test-autoconfigure-1.5.9.RELEASE.jar
7fb1a83a0000-7fb1a83a4000 r--s 00020000 08:01 56350                      /home/student/.gradle/caches/modules-2/files-2.1/org.springframework.boot/spring-boot-test/1.5.9.RELEASE/7e604d56325f04a8b89a280e647746fc69e5a21f/spring-boot-test-1.5.9.RELEASE.jar
7fb1a83a4000-7fb1a83a6000 r--s 00009000 08:01 12721                      /home/student/.gradle/caches/modules-2/files-2.1/org.hamcrest/hamcrest-core/1.3/42a25dc3219429f0e5d060061f71acb49bf010a0/hamcrest-core-1.3.jar
7fb1a83a6000-7fb1a83a7000 r--s 00000000 08:01 56349                      /home/student/.gradle/caches/modules-2/files-2.1/org.springframework.boot/spring-boot-starter-test/1.5.9.RELEASE/b5adf6fbf53be00b7ae52f657d564122edbe5156/spring-boot-starter-test-1.5.9.RELEASE.jar
7fb1a83a7000-7fb1a83af000 r--s 00045000 08:01 12714                      /home/student/.gradle/caches/modules-2/files-2.1/junit/junit/4.12/2973d150c0dc1fefe998f834810d68f278ea58ec/junit-4.12.jar
7fb1a83af000-7fb1a83b1000 r--s 00009000 08:01 56348                      /home/student/.gradle/caches/modules-2/files-2.1/org.slf4j/slf4j-api/1.7.25/da76ca59f6a57ee3102f8f9bd9cee742973efa8a/slf4j-api-1.7.25.jar
7fb1a83b1000-7fb1a83bc000 r--s 0006a000 08:01 56347                      /home/student/.gradle/caches/modules-2/files-2.1/ch.qos.logback/logback-core/1.1.11/88b8df40340eed549fb07e2613879bf6b006704d/logback-core-1.1.11.jar
7fb1a83bc000-7fb1a83be000 r--s 00003000 08:01 56346                      /home/student/.gradle/caches/modules-2/files-2.1/org.apache.tomcat/tomcat-annotations-api/8.5.23/aaf17df9fe0240e9e9d5375d24d5f177174b73d9/tomcat-annotations-api-8.5.23.jar
7fb1a83be000-7fb1a83c0000 r--s 00004000 08:01 56345                      /home/student/.gradle/caches/modules-2/files-2.1/org.slf4j/log4j-over-slf4j/1.7.25/a87bb47468f47ee7aabbd54f93e133d4215769c3/log4j-over-slf4j-1.7.25.jar
7fb1a83c0000-7fb1a83c2000 r--s 00000000 08:01 56344                      /home/student/.gradle/caches/modules-2/files-2.1/org.slf4j/jul-to-slf4j/1.7.25/af5364cd6679bfffb114f0dec8a157aaa283b76/jul-to-slf4j-1.7.25.jar
7fb1a83c2000-7fb1a83c4000 r--s 00003000 08:01 56343                      /home/student/.gradle/caches/modules-2/files-2.1/org.slf4j/jcl-over-slf4j/1.7.25/f8c32b13ff142a513eeb5b6330b1588dcb2c0461/jcl-over-slf4j-1.7.25.jar
7fb1a83c4000-7fb1a83cb000 r--s 00045000 08:01 56342                      /home/student/.gradle/caches/modules-2/files-2.1/ch.qos.logback/logback-classic/1.1.11/ccedfbacef4a6515d2983e3f89ed753d5d4fb665/logback-classic-1.1.11.jar
7fb1a83cb000-7fb1a83d4000 r--s 00054000 08:01 56341                      /home/student/.gradle/caches/modules-2/files-2.1/org.springframework/spring-aop/4.3.13.RELEASE/61f427b55951f59b50f3c2bd0de3c48960e2a342/spring-aop-4.3.13.RELEASE.jar
7fb1a83d4000-7fb1a83d8000 r--s 00042000 08:01 56340                      /home/student/.gradle/caches/modules-2/files-2.1/com.fasterxml.jackson.core/jackson-core/2.8.10/eb21a035c66ad307e66ec8fce37f5d50fd62d039/jackson-core-2.8.10.jar
7fb1a83d8000-7fb1a83db000 r--s 0000b000 08:01 56339                      /home/student/.gradle/caches/modules-2/files-2.1/com.fasterxml.jackson.core/jackson-annotations/2.8.0/45b426f7796b741035581a176744d91090e2e6fb/jackson-annotations-2.8.0.jar
7fb1a83db000-7fb1a83dd000 r--s 0000e000 08:01 56338                      /home/student/.gradle/caches/modules-2/files-2.1/com.fasterxml/classmate/1.3.4/3d5f48f10bbe4eb7bd862f10c0583be2e0053c6/classmate-1.3.4.jar
7fb1a83dd000-7fb1a83e0000 r--s 0000e000 08:01 56337                      /home/student/.gradle/caches/modules-2/files-2.1/org.jboss.logging/jboss-logging/3.3.1.Final/c46217ab74b532568c0ed31dc599db3048bd1b67/jboss-logging-3.3.1.Final.jar
7fb1a83e0000-7fb1a83e4000 r--s 0000c000 08:01 56336                      /home/student/.gradle/caches/modules-2/files-2.1/javax.validation/validation-api/1.1.0.Final/8613ae82954779d518631e05daa73a6a954817d5/validation-api-1.1.0.Final.jar
7fb1a83e4000-7fb1a83e9000 r--s 00038000 08:01 56335                      /home/student/.gradle/caches/modules-2/files-2.1/org.apache.tomcat.embed/tomcat-embed-websocket/8.5.23/52f07abcae10dc7e1764304b0877def175c2c833/tomcat-embed-websocket-8.5.23.jar
7fb1a83e9000-7fb1a83ed000 r--s 00037000 08:01 56334                      /home/student/.gradle/caches/modules-2/files-2.1/org.apache.tomcat.embed/tomcat-embed-el/8.5.23/98d979cde444dffa6d434c8377d0123b2dfa614c/tomcat-embed-el-8.5.23.jar
7fb1a83ed000-7fb1a8416000 r--s 002c7000 08:01 56333                      /home/student/.gradle/caches/modules-2/files-2.1/org.apache.tomcat.embed/tomcat-embed-core/8.5.23/79261793a47f507890ee08f749b9d81774e4f7f0/tomcat-embed-core-8.5.23.jar
7fb1a8416000-7fb1a841c000 r--s 0003d000 08:01 56332                      /home/student/.gradle/caches/modules-2/files-2.1/org.yaml/snakeyaml/1.17/7a27ea250c5130b2922b86dea63cbb1cc10a660c/snakeyaml-1.17.jar
7fb1a841c000-7fb1a841d000 r--s 00000000 08:01 56331                      /home/student/.gradle/caches/modules-2/files-2.1/org.springframework.boot/spring-boot-starter-logging/1.5.9.RELEASE/30fd62a1ce9639759d90d49608501082314c1628/spring-boot-starter-logging-1.5.9.RELEASE.jar
7fb1a841d000-7fb1a843d000 r--s 000e6000 08:01 56330                      /home/student/.gradle/caches/modules-2/files-2.1/org.springframework.boot/spring-boot-autoconfigure/1.5.9.RELEASE/88dd18bdaf317ae40971573a051fd47265f2ed39/spring-boot-autoconfigure-1.5.9.RELEASE.jar
7fb1a843d000-7fb1a844d000 r--s 00095000 08:01 56329                      /home/student/.gradle/caches/modules-2/files-2.1/org.springframework.boot/spring-boot/1.5.9.RELEASE/f472cdf948288796fb31e0bb03f6e7b022b763a0/spring-boot-1.5.9.RELEASE.jar
7fb1a844d000-7fb1a844f000 r--s 00005000 08:01 56280                      /home/student/.gradle/caches/modules-2/files-2.1/xpp3/xpp3_min/1.1.4c/19d4e90b43059058f6e056f794f0ea4030d60b86/xpp3_min-1.1.4c.jar
7fb1a844f000-7fb1a8450000 r--s 00001000 08:01 56328                      /home/student/.gradle/caches/modules-2/files-2.1/xmlpull/xmlpull/1.1.3.1/2b8e230d2ab644e4ecaa94db7cdedbc40c805dfa/xmlpull-1.1.3.1.jar
7fb1a8450000-7fb1a8451000 r--s 00000000 08:01 56327                      /home/student/.gradle/caches/modules-2/files-2.1/org.codehaus.mojo/animal-sniffer-annotations/1.14/775b7e22fb10026eed3f86e8dc556dfafe35f2d5/animal-sniffer-annotations-1.14.jar
7fb1a8451000-7fb1a8453000 r--s 00001000 08:01 56326                      /home/student/.gradle/caches/modules-2/files-2.1/com.google.j2objc/j2objc-annotations/1.1/ed28ded51a8b1c6b112568def5f4b455e6809019/j2objc-annotations-1.1.jar
7fb1a8453000-7fb1a8465000 r--s 00042000 08:01 56324                      /home/student/.gradle/caches/modules-2/files-2.1/org.checkerframework/checker-qual/2.0.0/518929596ee3249127502a8573b2e008e2d51ed3/checker-qual-2.0.0.jar
7fb1a8465000-7fb1a8468000 r--s 00006000 08:01 56323                      /home/student/.gradle/caches/modules-2/files-2.1/com.google.code.findbugs/jsr305/1.3.9/40719ea6961c0cb6afaeb6a921eaa1f6afd4cfdf/jsr305-1.3.9.jar
7fb1a8468000-7fb1a846d000 r--s 0003c000 08:01 56322                      /home/student/.gradle/caches/modules-2/files-2.1/org.springframework/spring-expression/4.3.13.RELEASE/da22bf7df1262e429b49653be6cd5b89b6affe5e/spring-expression-4.3.13.RELEASE.jar
7fb1a846d000-7fb1a8484000 r--s 000fc000 08:01 56213                      /home/student/.gradle/caches/modules-2/files-2.1/org.springframework/spring-core/4.3.13.RELEASE/eea18d7f4d01f1baa1b6728b678b5a6fe23c61f6/spring-core-4.3.13.RELEASE.jar
7fb1a8484000-7fb1a849d000 r--s 000fe000 08:01 56321                      /home/student/.gradle/caches/modules-2/files-2.1/org.springframework/spring-context/4.3.13.RELEASE/6ab1c189a13182fa3256f6bbc68fafdaf8f5a19e/spring-context-4.3.13.RELEASE.jar
7fb1a849d000-7fb1a84ad000 r--s 00079000 08:01 56319                      /home/student/.gradle/caches/modules-2/files-2.1/org.springframework.boot/spring-boot-actuator/1.5.9.RELEASE/c4aaf71a1298c1bde690fcf75df39036745396c6/spring-boot-actuator-1.5.9.RELEASE.jar
7fb1a84ad000-7fb1a84bf000 r--s 000b8000 08:01 56318                      /home/student/.gradle/caches/modules-2/files-2.1/org.springframework/spring-web/4.3.13.RELEASE/7cd084992d546165ede3e99bc31ee49c937f0ce7/spring-web-4.3.13.RELEASE.jar
7fb1a84bf000-7fb1a84f0000 r--s 00259000 08:01 56313                      /home/student/.gradle/caches/modules-2/files-2.1/com.google.guava/guava/23.5-jre/e9ce4989adf6092a3dab6152860e93d989e8cf88/guava-23.5-jre.jar
7fb1a84f0000-7fb1a8501000 r-xp 00000000 08:01 287191                     /usr/lib/jvm/java-8-openjdk-amd64/jre/lib/amd64/libnio.so
7fb1a8501000-7fb1a8701000 ---p 00011000 08:01 287191                     /usr/lib/jvm/java-8-openjdk-amd64/jre/lib/amd64/libnio.so
7fb1a8701000-7fb1a8702000 r--p 00011000 08:01 287191                     /usr/lib/jvm/java-8-openjdk-amd64/jre/lib/amd64/libnio.so
7fb1a8702000-7fb1a8703000 rw-p 00012000 08:01 287191                     /usr/lib/jvm/java-8-openjdk-amd64/jre/lib/amd64/libnio.so
7fb1a8703000-7fb1ab704000 rw-p 00000000 00:00 0 
7fb1ab704000-7fb1ab71b000 r-xp 00000000 08:01 287178                     /usr/lib/jvm/java-8-openjdk-amd64/jre/lib/amd64/libnet.so
7fb1ab71b000-7fb1ab91a000 ---p 00017000 08:01 287178                     /usr/lib/jvm/java-8-openjdk-amd64/jre/lib/amd64/libnet.so
7fb1ab91a000-7fb1ab91b000 r--p 00016000 08:01 287178                     /usr/lib/jvm/java-8-openjdk-amd64/jre/lib/amd64/libnet.so
7fb1ab91b000-7fb1ab91c000 rw-p 00017000 08:01 287178                     /usr/lib/jvm/java-8-openjdk-amd64/jre/lib/amd64/libnet.so
7fb1ab91c000-7fb1ab925000 r-xp 00000000 08:01 287161                     /usr/lib/jvm/java-8-openjdk-amd64/jre/lib/amd64/libmanagement.so
7fb1ab925000-7fb1abb24000 ---p 00009000 08:01 287161                     /usr/lib/jvm/java-8-openjdk-amd64/jre/lib/amd64/libmanagement.so
7fb1abb24000-7fb1abb25000 r--p 00008000 08:01 287161                     /usr/lib/jvm/java-8-openjdk-amd64/jre/lib/amd64/libmanagement.so
7fb1abb25000-7fb1abb26000 rw-p 00009000 08:01 287161                     /usr/lib/jvm/java-8-openjdk-amd64/jre/lib/amd64/libmanagement.so
7fb1abb26000-7fb1abb29000 ---p 00000000 00:00 0 
7fb1abb29000-7fb1abc27000 rw-p 00000000 00:00 0 
7fb1abc27000-7fb1abc2a000 ---p 00000000 00:00 0 
7fb1abc2a000-7fb1abd28000 rw-p 00000000 00:00 0 
7fb1abd28000-7fb1ac000000 r--p 00000000 08:01 1534                       /usr/lib/locale/locale-archive
7fb1ac000000-7fb1ac021000 rw-p 00000000 00:00 0 
7fb1ac021000-7fb1b0000000 ---p 00000000 00:00 0 
7fb1b0000000-7fb1b0021000 rw-p 00000000 00:00 0 
7fb1b0021000-7fb1b4000000 ---p 00000000 00:00 0 
7fb1b4000000-7fb1b4038000 rw-p 00000000 00:00 0 
7fb1b4038000-7fb1b8000000 ---p 00000000 00:00 0 
7fb1b8000000-7fb1b8012000 r--s 0011e000 08:01 56317                      /home/student/.gradle/caches/modules-2/files-2.1/com.fasterxml.jackson.core/jackson-databind/2.8.10/f7b83cb2bc4b88d53961e749e1ad32f49ef017b7/jackson-databind-2.8.10.jar
7fb1b8012000-7fb1b8023000 r--s 000a1000 08:01 56316                      /home/student/.gradle/caches/modules-2/files-2.1/org.hibernate/hibernate-validator/5.3.6.Final/4c730be8bf55a8e9a61e79a2f2c079abf48b718/hibernate-validator-5.3.6.Final.jar
7fb1b8023000-7fb1b8026000 ---p 00000000 00:00 0 
7fb1b8026000-7fb1b8124000 rw-p 00000000 00:00 0 
7fb1b8124000-7fb1b8127000 ---p 00000000 00:00 0 
7fb1b8127000-7fb1b8225000 rw-p 00000000 00:00 0 
7fb1b8225000-7fb1b8228000 ---p 00000000 00:00 0 
7fb1b8228000-7fb1b8326000 rw-p 00000000 00:00 0 
7fb1b8326000-7fb1b8329000 ---p 00000000 00:00 0 
7fb1b8329000-7fb1b8427000 rw-p 00000000 00:00 0 
7fb1b8427000-7fb1b8428000 ---p 00000000 00:00 0 
7fb1b8428000-7fb1b8e31000 rw-p 00000000 00:00 0 
7fb1b8e31000-7fb1b9000000 r--s 03c21000 08:01 287134                     /usr/lib/jvm/java-8-openjdk-amd64/jre/lib/rt.jar
7fb1b9000000-7fb1b9740000 rwxp 00000000 00:00 0 
7fb1b9740000-7fb1c8000000 ---p 00000000 00:00 0 
7fb1c8000000-7fb1c8b34000 rw-p 00000000 00:00 0 
7fb1c8b34000-7fb1cc000000 ---p 00000000 00:00 0 
7fb1cc000000-7fb1cc001000 r--s 00002000 08:01 56325                      /home/student/.gradle/caches/modules-2/files-2.1/com.google.errorprone/error_prone_annotations/2.0.18/5f65affce1684999e2f4024983835efc3504012e/error_prone_annotations-2.0.18.jar
7fb1cc001000-7fb1cc00f000 r--s 000ad000 08:01 56320                      /home/student/.gradle/caches/modules-2/files-2.1/org.springframework/spring-beans/4.3.13.RELEASE/8613a7077722f1d97f8cb3fea4b0b40bfadf4496/spring-beans-4.3.13.RELEASE.jar
7fb1cc00f000-7fb1cc010000 r--s 00000000 08:01 56315                      /home/student/.gradle/caches/modules-2/files-2.1/org.springframework.boot/spring-boot-starter-tomcat/1.5.9.RELEASE/4615056f8a2bcad03ba8cdf410419ee3d101c5bb/spring-boot-starter-tomcat-1.5.9.RELEASE.jar
7fb1cc010000-7fb1cc011000 r--s 00000000 08:01 56314                      /home/student/.gradle/caches/modules-2/files-2.1/org.springframework.boot/spring-boot-starter/1.5.9.RELEASE/6bfb34db2715ee86c6e2337fa145650588b4b1b3/spring-boot-starter-1.5.9.RELEASE.jar
7fb1cc011000-7fb1cc01e000 r--s 00075000 08:01 56281                      /home/student/.gradle/caches/modules-2/files-2.1/com.thoughtworks.xstream/xstream/1.4.7/bce3282142b63068260f021fcbe48b72e8d71a1a/xstream-1.4.7.jar
7fb1cc01e000-7fb1cc02f000 r--s 000c6000 08:01 56312                      /home/student/.gradle/caches/modules-2/files-2.1/org.springframework/spring-webmvc/4.2.6.RELEASE/7c7ea475d33287e0e3a92e98ccbe0ad6a0dbb9ca/spring-webmvc-4.2.6.RELEASE.jar
7fb1cc02f000-7fb1cc030000 r--s 00000000 08:01 56311                      /home/student/.gradle/caches/modules-2/files-2.1/org.springframework.boot/spring-boot-starter-actuator/1.5.9.RELEASE/5fcdcdef573e55e5dba9b499e3f5582f6b3c3fbe/spring-boot-starter-actuator-1.5.9.RELEASE.jar
7fb1cc030000-7fb1cc031000 r--s 00000000 08:01 56310                      /home/student/.gradle/caches/modules-2/files-2.1/org.springframework.boot/spring-boot-starter-web/1.5.9.RELEASE/bda9733d5e6ba6d1a97deead1738713dc0631b3e/spring-boot-starter-web-1.5.9.RELEASE.jar
7fb1cc031000-7fb1cc03d000 r--s 0007b000 08:01 56309                      /home/student/.gradle/caches/modules-2/files-2.1/org.modelmapper/modelmapper/1.1.1/eca02e49bb6c4f64a1c13d65ef01da548eb8b371/modelmapper-1.1.1.jar
7fb1cc03d000-7fb1cc043000 r--s 0003a000 08:01 287142                     /usr/lib/jvm/java-8-openjdk-amd64/jre/lib/ext/sunjce_provider.jar
7fb1cc043000-7fb1cc05e000 r--s 001d6000 08:01 287141                     /usr/lib/jvm/java-8-openjdk-amd64/jre/lib/ext/nashorn.jar
7fb1cc05e000-7fb1cc062000 r--s 00037000 08:01 287145                     /usr/lib/jvm/java-8-openjdk-amd64/jre/lib/ext/sunpkcs11.jar
7fb1cc062000-7fb1cc07d000 r--s 00394000 08:01 287139                     /usr/lib/jvm/java-8-openjdk-amd64/jre/lib/ext/cldrdata.jar
7fb1cc07d000-7fb1cc07e000 r--s 00010000 08:01 287140                     /usr/lib/jvm/java-8-openjdk-amd64/jre/lib/ext/zipfs.jar
7fb1cc07e000-7fb1cc081000 r--s 0000f000 08:01 287138                     /usr/lib/jvm/java-8-openjdk-amd64/jre/lib/ext/icedtea-sound.jar
7fb1cc081000-7fb1ce252000 rw-p 00000000 00:00 0 
7fb1ce252000-7fb1ce253000 ---p 00000000 00:00 0 
7fb1ce253000-7fb1ce353000 rw-p 00000000 00:00 0 
7fb1ce353000-7fb1ce354000 ---p 00000000 00:00 0 
7fb1ce354000-7fb1ce471000 rw-p 00000000 00:00 0 
7fb1ce471000-7fb1ce54f000 ---p 00000000 00:00 0 
7fb1ce54f000-7fb1ce56c000 rw-p 00000000 00:00 0 
7fb1ce56c000-7fb1ce649000 ---p 00000000 00:00 0 
7fb1ce649000-7fb1ce6c7000 rw-p 00000000 00:00 0 
7fb1ce6c7000-7fb1ce6e5000 rw-p 00000000 00:00 0 
7fb1ce6e5000-7fb1cea88000 ---p 00000000 00:00 0 
7fb1cea88000-7fb1cea90000 r-xp 00000000 08:01 287185                     /usr/lib/jvm/java-8-openjdk-amd64/jre/lib/amd64/libzip.so
7fb1cea90000-7fb1cec8f000 ---p 00008000 08:01 287185                     /usr/lib/jvm/java-8-openjdk-amd64/jre/lib/amd64/libzip.so
7fb1cec8f000-7fb1cec90000 r--p 00007000 08:01 287185                     /usr/lib/jvm/java-8-openjdk-amd64/jre/lib/amd64/libzip.so
7fb1cec90000-7fb1cec91000 rw-p 00008000 08:01 287185                     /usr/lib/jvm/java-8-openjdk-amd64/jre/lib/amd64/libzip.so
7fb1cec91000-7fb1cec9c000 r-xp 00000000 08:01 153251                     /lib/x86_64-linux-gnu/libnss_files-2.23.so
7fb1cec9c000-7fb1cee9b000 ---p 0000b000 08:01 153251                     /lib/x86_64-linux-gnu/libnss_files-2.23.so
7fb1cee9b000-7fb1cee9c000 r--p 0000a000 08:01 153251                     /lib/x86_64-linux-gnu/libnss_files-2.23.so
7fb1cee9c000-7fb1cee9d000 rw-p 0000b000 08:01 153251                     /lib/x86_64-linux-gnu/libnss_files-2.23.so
7fb1cee9d000-7fb1ceea3000 rw-p 00000000 00:00 0 
7fb1ceea3000-7fb1ceeae000 r-xp 00000000 08:01 153259                     /lib/x86_64-linux-gnu/libnss_nis-2.23.so
7fb1ceeae000-7fb1cf0ad000 ---p 0000b000 08:01 153259                     /lib/x86_64-linux-gnu/libnss_nis-2.23.so
7fb1cf0ad000-7fb1cf0ae000 r--p 0000a000 08:01 153259                     /lib/x86_64-linux-gnu/libnss_nis-2.23.so
7fb1cf0ae000-7fb1cf0af000 rw-p 0000b000 08:01 153259                     /lib/x86_64-linux-gnu/libnss_nis-2.23.so
7fb1cf0af000-7fb1cf0c5000 r-xp 00000000 08:01 137488                     /lib/x86_64-linux-gnu/libnsl-2.23.so
7fb1cf0c5000-7fb1cf2c4000 ---p 00016000 08:01 137488                     /lib/x86_64-linux-gnu/libnsl-2.23.so
7fb1cf2c4000-7fb1cf2c5000 r--p 00015000 08:01 137488                     /lib/x86_64-linux-gnu/libnsl-2.23.so
7fb1cf2c5000-7fb1cf2c6000 rw-p 00016000 08:01 137488                     /lib/x86_64-linux-gnu/libnsl-2.23.so
7fb1cf2c6000-7fb1cf2c8000 rw-p 00000000 00:00 0 
7fb1cf2c8000-7fb1cf2d0000 r-xp 00000000 08:01 153241                     /lib/x86_64-linux-gnu/libnss_compat-2.23.so
7fb1cf2d0000-7fb1cf4cf000 ---p 00008000 08:01 153241                     /lib/x86_64-linux-gnu/libnss_compat-2.23.so
7fb1cf4cf000-7fb1cf4d0000 r--p 00007000 08:01 153241                     /lib/x86_64-linux-gnu/libnss_compat-2.23.so
7fb1cf4d0000-7fb1cf4d1000 rw-p 00008000 08:01 153241                     /lib/x86_64-linux-gnu/libnss_compat-2.23.so
7fb1cf4d1000-7fb1cf4fe000 r-xp 00000000 08:01 287166                     /usr/lib/jvm/java-8-openjdk-amd64/jre/lib/amd64/libjava.so
7fb1cf4fe000-7fb1cf6fd000 ---p 0002d000 08:01 287166                     /usr/lib/jvm/java-8-openjdk-amd64/jre/lib/amd64/libjava.so
7fb1cf6fd000-7fb1cf6fe000 r--p 0002c000 08:01 287166                     /usr/lib/jvm/java-8-openjdk-amd64/jre/lib/amd64/libjava.so
7fb1cf6fe000-7fb1cf700000 rw-p 0002d000 08:01 287166                     /usr/lib/jvm/java-8-openjdk-amd64/jre/lib/amd64/libjava.so
7fb1cf700000-7fb1cf70f000 r-xp 00000000 08:01 287183                     /usr/lib/jvm/java-8-openjdk-amd64/jre/lib/amd64/libverify.so
7fb1cf70f000-7fb1cf90e000 ---p 0000f000 08:01 287183                     /usr/lib/jvm/java-8-openjdk-amd64/jre/lib/amd64/libverify.so
7fb1cf90e000-7fb1cf910000 r--p 0000e000 08:01 287183                     /usr/lib/jvm/java-8-openjdk-amd64/jre/lib/amd64/libverify.so
7fb1cf910000-7fb1cf911000 rw-p 00010000 08:01 287183                     /usr/lib/jvm/java-8-openjdk-amd64/jre/lib/amd64/libverify.so
7fb1cf911000-7fb1cf918000 r-xp 00000000 08:01 153261                     /lib/x86_64-linux-gnu/librt-2.23.so
7fb1cf918000-7fb1cfb17000 ---p 00007000 08:01 153261                     /lib/x86_64-linux-gnu/librt-2.23.so
7fb1cfb17000-7fb1cfb18000 r--p 00006000 08:01 153261                     /lib/x86_64-linux-gnu/librt-2.23.so
7fb1cfb18000-7fb1cfb19000 rw-p 00007000 08:01 153261                     /lib/x86_64-linux-gnu/librt-2.23.so
7fb1cfb19000-7fb1cfb2f000 r-xp 00000000 08:01 137163                     /lib/x86_64-linux-gnu/libgcc_s.so.1
7fb1cfb2f000-7fb1cfd2e000 ---p 00016000 08:01 137163                     /lib/x86_64-linux-gnu/libgcc_s.so.1
7fb1cfd2e000-7fb1cfd2f000 rw-p 00015000 08:01 137163                     /lib/x86_64-linux-gnu/libgcc_s.so.1
7fb1cfd2f000-7fb1cfe37000 r-xp 00000000 08:01 137355                     /lib/x86_64-linux-gnu/libm-2.23.so
7fb1cfe37000-7fb1d0036000 ---p 00108000 08:01 137355                     /lib/x86_64-linux-gnu/libm-2.23.so
7fb1d0036000-7fb1d0037000 r--p 00107000 08:01 137355                     /lib/x86_64-linux-gnu/libm-2.23.so
7fb1d0037000-7fb1d0038000 rw-p 00108000 08:01 137355                     /lib/x86_64-linux-gnu/libm-2.23.so
7fb1d0038000-7fb1d01aa000 r-xp 00000000 08:01 423                        /usr/lib/x86_64-linux-gnu/libstdc++.so.6.0.21
7fb1d01aa000-7fb1d03aa000 ---p 00172000 08:01 423                        /usr/lib/x86_64-linux-gnu/libstdc++.so.6.0.21
7fb1d03aa000-7fb1d03b4000 r--p 00172000 08:01 423                        /usr/lib/x86_64-linux-gnu/libstdc++.so.6.0.21
7fb1d03b4000-7fb1d03b6000 rw-p 0017c000 08:01 423                        /usr/lib/x86_64-linux-gnu/libstdc++.so.6.0.21
7fb1d03b6000-7fb1d03ba000 rw-p 00000000 00:00 0 
7fb1d03ba000-7fb1d100c000 r-xp 00000000 08:01 287177                     /usr/lib/jvm/java-8-openjdk-amd64/jre/lib/amd64/server/libjvm.so
7fb1d100c000-7fb1d120c000 ---p 00c52000 08:01 287177                     /usr/lib/jvm/java-8-openjdk-amd64/jre/lib/amd64/server/libjvm.so
7fb1d120c000-7fb1d129f000 r--p 00c52000 08:01 287177                     /usr/lib/jvm/java-8-openjdk-amd64/jre/lib/amd64/server/libjvm.so
7fb1d129f000-7fb1d12c8000 rw-p 00ce5000 08:01 287177                     /usr/lib/jvm/java-8-openjdk-amd64/jre/lib/amd64/server/libjvm.so
7fb1d12c8000-7fb1d12f8000 rw-p 00000000 00:00 0 
7fb1d12f8000-7fb1d1310000 r-xp 00000000 08:01 147485                     /lib/x86_64-linux-gnu/libpthread-2.23.so
7fb1d1310000-7fb1d150f000 ---p 00018000 08:01 147485                     /lib/x86_64-linux-gnu/libpthread-2.23.so
7fb1d150f000-7fb1d1510000 r--p 00017000 08:01 147485                     /lib/x86_64-linux-gnu/libpthread-2.23.so
7fb1d1510000-7fb1d1511000 rw-p 00018000 08:01 147485                     /lib/x86_64-linux-gnu/libpthread-2.23.so
7fb1d1511000-7fb1d1515000 rw-p 00000000 00:00 0 
7fb1d1515000-7fb1d1518000 r-xp 00000000 08:01 153229                     /lib/x86_64-linux-gnu/libdl-2.23.so
7fb1d1518000-7fb1d1717000 ---p 00003000 08:01 153229                     /lib/x86_64-linux-gnu/libdl-2.23.so
7fb1d1717000-7fb1d1718000 r--p 00002000 08:01 153229                     /lib/x86_64-linux-gnu/libdl-2.23.so
7fb1d1718000-7fb1d1719000 rw-p 00003000 08:01 153229                     /lib/x86_64-linux-gnu/libdl-2.23.so
7fb1d1719000-7fb1d1732000 r-xp 00000000 08:01 137316                     /lib/x86_64-linux-gnu/libz.so.1.2.8
7fb1d1732000-7fb1d1931000 ---p 00019000 08:01 137316                     /lib/x86_64-linux-gnu/libz.so.1.2.8
7fb1d1931000-7fb1d1932000 r--p 00018000 08:01 137316                     /lib/x86_64-linux-gnu/libz.so.1.2.8
7fb1d1932000-7fb1d1933000 rw-p 00019000 08:01 137316                     /lib/x86_64-linux-gnu/libz.so.1.2.8
7fb1d1933000-7fb1d1af3000 r-xp 00000000 08:01 153213                     /lib/x86_64-linux-gnu/libc-2.23.so
7fb1d1af3000-7fb1d1cf3000 ---p 001c0000 08:01 153213                     /lib/x86_64-linux-gnu/libc-2.23.so
7fb1d1cf3000-7fb1d1cf7000 r--p 001c0000 08:01 153213                     /lib/x86_64-linux-gnu/libc-2.23.so
7fb1d1cf7000-7fb1d1cf9000 rw-p 001c4000 08:01 153213                     /lib/x86_64-linux-gnu/libc-2.23.so
7fb1d1cf9000-7fb1d1cfd000 rw-p 00000000 00:00 0 
7fb1d1cfd000-7fb1d1d0a000 r-xp 00000000 08:01 287181                     /usr/lib/jvm/java-8-openjdk-amd64/jre/lib/amd64/jli/libjli.so
7fb1d1d0a000-7fb1d1f0a000 ---p 0000d000 08:01 287181                     /usr/lib/jvm/java-8-openjdk-amd64/jre/lib/amd64/jli/libjli.so
7fb1d1f0a000-7fb1d1f0b000 r--p 0000d000 08:01 287181                     /usr/lib/jvm/java-8-openjdk-amd64/jre/lib/amd64/jli/libjli.so
7fb1d1f0b000-7fb1d1f0c000 rw-p 0000e000 08:01 287181                     /usr/lib/jvm/java-8-openjdk-amd64/jre/lib/amd64/jli/libjli.so
7fb1d1f0c000-7fb1d1f32000 r-xp 00000000 08:01 137493                     /lib/x86_64-linux-gnu/ld-2.23.so
7fb1d1f32000-7fb1d1f34000 r--s 00001000 08:01 287147                     /usr/lib/jvm/java-8-openjdk-amd64/jre/lib/ext/dnsns.jar
7fb1d1f34000-7fb1d1f35000 r--s 0000a000 08:01 287146                     /usr/lib/jvm/java-8-openjdk-amd64/jre/lib/ext/jaccess.jar
7fb1d1f35000-7fb1d2015000 rw-p 00000000 00:00 0 
7fb1d2015000-7fb1d2018000 ---p 00000000 00:00 0 
7fb1d2018000-7fb1d211a000 rw-p 00000000 00:00 0 
7fb1d211a000-7fb1d211c000 r--s 00008000 08:01 287143                     /usr/lib/jvm/java-8-openjdk-amd64/jre/lib/ext/sunec.jar
7fb1d211c000-7fb1d2126000 r--s 00116000 08:01 287144                     /usr/lib/jvm/java-8-openjdk-amd64/jre/lib/ext/localedata.jar
7fb1d2126000-7fb1d212e000 rw-s 00000000 08:01 917883                     /tmp/hsperfdata_student/7531
7fb1d212e000-7fb1d212f000 rw-p 00000000 00:00 0 
7fb1d212f000-7fb1d2130000 ---p 00000000 00:00 0 
7fb1d2130000-7fb1d2131000 rw-p 00000000 00:00 0 
7fb1d2131000-7fb1d2132000 r--p 00025000 08:01 137493                     /lib/x86_64-linux-gnu/ld-2.23.so
7fb1d2132000-7fb1d2133000 rw-p 00026000 08:01 137493                     /lib/x86_64-linux-gnu/ld-2.23.so
7fb1d2133000-7fb1d2134000 rw-p 00000000 00:00 0 
7ffff5d03000-7ffff5d27000 rw-p 00000000 00:00 0                          [stack]
7ffff5df5000-7ffff5df8000 r--p 00000000 00:00 0                          [vvar]
7ffff5df8000-7ffff5dfa000 r-xp 00000000 00:00 0                          [vdso]
ffffffffff600000-ffffffffff601000 r-xp 00000000 00:00 0                  [vsyscall]

VM Arguments:
jvm_args: -Dcom.sun.management.jmxremote -Dcom.sun.management.jmxremote.port=45079 -Dcom.sun.management.jmxremote.authenticate=false -Dcom.sun.management.jmxremote.ssl=false -Djava.rmi.server.hostname=localhost -Dspring.application.admin.enabled=true -Djava.security.egd=file:/dev/./urandom -Xverify:none -XX:TieredStopAtLevel=1 -Dfile.encoding=UTF-8 
java_command: ca.mcgill.ecse321.TMS.TMSSpringApplication
java_class_path (initial): /usr/lib/jvm/java-8-openjdk-amd64/jre/lib/resources.jar:/usr/lib/jvm/java-8-openjdk-amd64/jre/lib/rt.jar:/usr/lib/jvm/java-8-openjdk-amd64/jre/lib/jsse.jar:/usr/lib/jvm/java-8-openjdk-amd64/jre/lib/jce.jar:/usr/lib/jvm/java-8-openjdk-amd64/jre/lib/charsets.jar:/usr/lib/jvm/java-8-openjdk-amd64/jre/lib/ext/localedata.jar:/usr/lib/jvm/java-8-openjdk-amd64/jre/lib/ext/sunec.jar:/usr/lib/jvm/java-8-openjdk-amd64/jre/lib/ext/jaccess.jar:/usr/lib/jvm/java-8-openjdk-amd64/jre/lib/ext/dnsns.jar:/usr/lib/jvm/java-8-openjdk-amd64/jre/lib/ext/icedtea-sound.jar:/usr/lib/jvm/java-8-openjdk-amd64/jre/lib/ext/zipfs.jar:/usr/lib/jvm/java-8-openjdk-amd64/jre/lib/ext/cldrdata.jar:/usr/lib/jvm/java-8-openjdk-amd64/jre/lib/ext/sunpkcs11.jar:/usr/lib/jvm/java-8-openjdk-amd64/jre/lib/ext/nashorn.jar:/usr/lib/jvm/java-8-openjdk-amd64/jre/lib/ext/sunjce_provider.jar:/home/student/ECSE321/Project-09/TMS-Spring/bin:/home/student/.gradle/caches/modules-2/files-2.1/org.modelmapper/modelmapper/1.1.1/eca02e49bb6c4f64a1c13d65ef01da548eb8b371/modelmapper-1.1.1.jar:/home/student/.gradle/caches/modules-2/files-2.1/org.springframework.boot/spring-boot-starter-web/1.5.9.RELEASE/bda9733d5e6ba6d1a97deead1738713dc0631b3e/spring-boot-starter-web-1.5.9.RELEASE.jar:/home/student/.gradle/caches/modules-2/files-2.1/org.springframework.boot/spring-boot-starter-actuator/1.5.9.RELEASE/5fcdcdef573e55e5dba9b499e3f5582f6b3c3fbe/spring-boot-starter-actuator-1.5.9.RELEASE.jar:/home/student/.gradle/caches/modules-2/files-2.1/org.springframework/spring-webmvc/4.2.6.RELEASE/7c7ea475d33287e0e3a92e98ccbe0ad6a0dbb9ca/spring-webmvc-4.2.6.RELEASE.jar:/home/student/.gradle/caches/modules-2/files-2.1/com.google.guava/guava/23.5-jre/e9ce4989adf6092a3dab6152860e93d989e8cf88/guava-23.5-jre.jar:/home/student/.gradle/caches/modules-2/files-2.1/com.thoughtworks.xstream/xstream/1.4.7/bce3282142b63068260f021fcbe48b72e8d71a1a/xstream-1.4.7.jar:/home/student/.gradle/caches/modules-2/files-2.1/org.springframe
Launcher Type: SUN_STANDARD

Environment Variables:
PATH=/home/student/bin:/home/student/.local/bin:/usr/local/sbin:/usr/local/bin:/usr/sbin:/usr/bin:/sbin:/bin:/usr/games:/usr/local/games:/snap/bin
SHELL=/bin/bash
DISPLAY=:0

Signal Handlers:
SIGSEGV: [libjvm.so+0xa69040], sa_mask[0]=11111111011111111101111111111110, sa_flags=SA_RESTART|SA_SIGINFO
SIGBUS: [libjvm.so+0xa69040], sa_mask[0]=11111111011111111101111111111110, sa_flags=SA_RESTART|SA_SIGINFO
SIGFPE: [libjvm.so+0x8b2170], sa_mask[0]=11111111011111111101111111111110, sa_flags=SA_RESTART|SA_SIGINFO
SIGPIPE: [libjvm.so+0x8b2170], sa_mask[0]=11111111011111111101111111111110, sa_flags=SA_RESTART|SA_SIGINFO
SIGXFSZ: [libjvm.so+0x8b2170], sa_mask[0]=11111111011111111101111111111110, sa_flags=SA_RESTART|SA_SIGINFO
SIGILL: [libjvm.so+0x8b2170], sa_mask[0]=11111111011111111101111111111110, sa_flags=SA_RESTART|SA_SIGINFO
SIGUSR1: SIG_DFL, sa_mask[0]=00000000000000000000000000000000, sa_flags=none
SIGUSR2: [libjvm.so+0x8b2020], sa_mask[0]=00100000000000000000000000000000, sa_flags=SA_RESTART|SA_SIGINFO
SIGHUP: [libjvm.so+0x8b24f0], sa_mask[0]=11111111011111111101111111111110, sa_flags=SA_RESTART|SA_SIGINFO
SIGINT: [libjvm.so+0x8b24f0], sa_mask[0]=11111111011111111101111111111110, sa_flags=SA_RESTART|SA_SIGINFO
SIGTERM: [libjvm.so+0x8b24f0], sa_mask[0]=11111111011111111101111111111110, sa_flags=SA_RESTART|SA_SIGINFO
SIGQUIT: [libjvm.so+0x8b24f0], sa_mask[0]=11111111011111111101111111111110, sa_flags=SA_RESTART|SA_SIGINFO


---------------  S Y S T E M  ---------------

OS:DISTRIB_ID=Ubuntu
DISTRIB_RELEASE=16.04
DISTRIB_CODENAME=xenial
DISTRIB_DESCRIPTION="Ubuntu 16.04.3 LTS"

uname:Linux 4.13.0-36-generic #40~16.04.1-Ubuntu SMP Fri Feb 16 23:25:58 UTC 2018 x86_64
libc:glibc 2.23 NPTL 2.23 
rlimit: STACK 8192k, CORE 0k, NPROC 11800, NOFILE 1048576, AS infinity
load average:1.15 0.80 0.76

/proc/meminfo:
MemTotal:        3073580 kB
MemFree:           64624 kB
MemAvailable:       5180 kB
Buffers:             328 kB
Cached:            36648 kB
SwapCached:            0 kB
Active:          2829840 kB
Inactive:          30804 kB
Active(anon):    2824720 kB
Inactive(anon):    22548 kB
Active(file):       5120 kB
Inactive(file):     8256 kB
Unevictable:          32 kB
Mlocked:              32 kB
SwapTotal:             0 kB
SwapFree:              0 kB
Dirty:                28 kB
Writeback:             0 kB
AnonPages:       2823764 kB
Mapped:            30528 kB
Shmem:             23536 kB
Slab:              70824 kB
SReclaimable:      26348 kB
SUnreclaim:        44476 kB
KernelStack:       10624 kB
PageTables:        37632 kB
NFS_Unstable:          0 kB
Bounce:                0 kB
WritebackTmp:          0 kB
CommitLimit:     1536788 kB
Committed_AS:    7199912 kB
VmallocTotal:   34359738367 kB
VmallocUsed:           0 kB
VmallocChunk:          0 kB
HardwareCorrupted:     0 kB
AnonHugePages:         0 kB
ShmemHugePages:        0 kB
ShmemPmdMapped:        0 kB
CmaTotal:              0 kB
CmaFree:               0 kB
HugePages_Total:       0
HugePages_Free:        0
HugePages_Rsvd:        0
HugePages_Surp:        0
Hugepagesize:       2048 kB
DirectMap4k:      110528 kB
DirectMap2M:     3035136 kB


CPU:total 2 (initial active 2) (2 cores per cpu, 1 threads per core) family 6 model 60 stepping 3, cmov, cx8, fxsr, mmx, sse, sse2, sse3, ssse3, sse4.1, sse4.2, popcnt, avx, avx2, aes, clmul, lzcnt, tsc, tscinvbit

/proc/cpuinfo:
processor	: 0
vendor_id	: GenuineIntel
cpu family	: 6
model		: 60
model name	: Intel(R) Core(TM) i7-4710HQ CPU @ 2.50GHz
stepping	: 3
cpu MHz		: 2494.224
cache size	: 6144 KB
physical id	: 0
siblings	: 2
core id		: 0
cpu cores	: 2
apicid		: 0
initial apicid	: 0
fpu		: yes
fpu_exception	: yes
cpuid level	: 13
wp		: yes
flags		: fpu vme de pse tsc msr pae mce cx8 apic sep mtrr pge mca cmov pat pse36 clflush mmx fxsr sse sse2 ht syscall nx rdtscp lm constant_tsc rep_good nopl xtopology nonstop_tsc cpuid pni pclmulqdq ssse3 cx16 sse4_1 sse4_2 movbe popcnt aes xsave avx rdrand hypervisor lahf_lm abm pti retpoline avx2
bugs		: cpu_meltdown spectre_v1 spectre_v2
bogomips	: 4988.44
clflush size	: 64
cache_alignment	: 64
address sizes	: 39 bits physical, 48 bits virtual
power management:

processor	: 1
vendor_id	: GenuineIntel
cpu family	: 6
model		: 60
model name	: Intel(R) Core(TM) i7-4710HQ CPU @ 2.50GHz
stepping	: 3
cpu MHz		: 2494.224
cache size	: 6144 KB
physical id	: 0
siblings	: 2
core id		: 1
cpu cores	: 2
apicid		: 1
initial apicid	: 1
fpu		: yes
fpu_exception	: yes
cpuid level	: 13
wp		: yes
flags		: fpu vme de pse tsc msr pae mce cx8 apic sep mtrr pge mca cmov pat pse36 clflush mmx fxsr sse sse2 ht syscall nx rdtscp lm constant_tsc rep_good nopl xtopology nonstop_tsc cpuid pni pclmulqdq ssse3 cx16 sse4_1 sse4_2 movbe popcnt aes xsave avx rdrand hypervisor lahf_lm abm pti retpoline avx2
bugs		: cpu_meltdown spectre_v1 spectre_v2
bogomips	: 4988.44
clflush size	: 64
cache_alignment	: 64
address sizes	: 39 bits physical, 48 bits virtual
power management:



Memory: 4k page, physical 3073580k(65128k free), swap 0k(0k free)

vm_info: OpenJDK 64-Bit Server VM (25.151-b12) for linux-amd64 JRE (1.8.0_151-8u151-b12-0ubuntu0.16.04.2-b12), built on Oct 27 2017 21:59:02 by "buildd" with gcc 5.4.0 20160609

time: Fri Feb 23 23:57:17 2018
elapsed time: 11 seconds (0d 0h 0m 11s)

