#
# There is insufficient memory for the Java Runtime Environment to continue.
# Native memory allocation (mmap) failed to map 44040192 bytes for committing reserved memory.
# Possible reasons:
#   The system is out of physical RAM or swap space
#   In 32 bit mode, the process size limit was hit
# Possible solutions:
#   Reduce memory load on the system
#   Increase physical memory or swap space
#   Check if swap backing store is full
#   Use 64 bit Java on a 64 bit OS
#   Decrease Java heap size (-Xmx/-Xms)
#   Decrease number of Java threads
#   Decrease Java thread stack sizes (-Xss)
#   Set larger code cache with -XX:ReservedCodeCacheSize=
# This output file may be truncated or incomplete.
#
#  Out of Memory Error (os_linux.cpp:2643), pid=7484, tid=0x00007efe17cfc700
#
# JRE version: OpenJDK Runtime Environment (8.0_151-b12) (build 1.8.0_151-8u151-b12-0ubuntu0.16.04.2-b12)
# Java VM: OpenJDK 64-Bit Server VM (25.151-b12 mixed mode linux-amd64 compressed oops)
# Failed to write core dump. Core dumps have been disabled. To enable core dumping, try "ulimit -c unlimited" before starting Java again
#

---------------  T H R E A D  ---------------

Current thread (0x00007efe2c078800):  VMThread [stack: 0x00007efe17bfc000,0x00007efe17cfd000] [id=7492]

Stack: [0x00007efe17bfc000,0x00007efe17cfd000],  sp=0x00007efe17cfb480,  free space=1021k
Native frames: (J=compiled Java code, j=interpreted, Vv=VM code, C=native code)
V  [libjvm.so+0xa684eb]
V  [libjvm.so+0x4c579c]
V  [libjvm.so+0x8b6b50]
V  [libjvm.so+0x8b0fce]
V  [libjvm.so+0x92b806]
V  [libjvm.so+0x91ae9a]
V  [libjvm.so+0x91b0a3]
V  [libjvm.so+0x91ba08]
V  [libjvm.so+0x921cce]
V  [libjvm.so+0x92966d]
V  [libjvm.so+0x8db3c3]
V  [libjvm.so+0xa6a192]
V  [libjvm.so+0xa6f277]
V  [libjvm.so+0xa6ca47]
V  [libjvm.so+0xa6decf]
V  [libjvm.so+0xa6e3c1]
V  [libjvm.so+0x8b4032]

VM_Operation (0x00007efe14f96700): ParallelGCFailedAllocation, mode: safepoint, requested by thread 0x00007efe2caa3000


---------------  P R O C E S S  ---------------

Java Threads: ( => current thread )
  0x00007efe2c00f800 JavaThread "DestroyJavaVM" [_thread_blocked, id=7487, stack(0x00007efe35816000,0x00007efe35917000)]
  0x00007efe2caf0800 JavaThread "http-nio-8088-AsyncTimeout" daemon [_thread_blocked, id=7526, stack(0x00007efe1421a000,0x00007efe1431b000)]
  0x00007efe2caef800 JavaThread "http-nio-8088-Acceptor-0" daemon [_thread_in_native, id=7525, stack(0x00007efe1431b000,0x00007efe1441c000)]
  0x00007efe2caea800 JavaThread "http-nio-8088-ClientPoller-1" daemon [_thread_in_native, id=7524, stack(0x00007efe1441c000,0x00007efe1451d000)]
  0x00007efe2cad0000 JavaThread "http-nio-8088-ClientPoller-0" daemon [_thread_blocked, id=7523, stack(0x00007efe1451d000,0x00007efe1461e000)]
  0x00007efe2cab4000 JavaThread "http-nio-8088-exec-10" daemon [_thread_blocked, id=7522, stack(0x00007efe1461e000,0x00007efe1471f000)]
  0x00007efe2cab2000 JavaThread "http-nio-8088-exec-9" daemon [_thread_blocked, id=7521, stack(0x00007efe1471f000,0x00007efe14820000)]
  0x00007efe2cab0000 JavaThread "http-nio-8088-exec-8" daemon [_thread_blocked, id=7520, stack(0x00007efe14820000,0x00007efe14921000)]
  0x00007efe2caae800 JavaThread "http-nio-8088-exec-7" daemon [_thread_blocked, id=7519, stack(0x00007efe14921000,0x00007efe14a22000)]
  0x00007efe2caac800 JavaThread "http-nio-8088-exec-6" daemon [_thread_blocked, id=7518, stack(0x00007efe14a22000,0x00007efe14b23000)]
  0x00007efe2caaa800 JavaThread "http-nio-8088-exec-5" daemon [_thread_blocked, id=7517, stack(0x00007efe14b23000,0x00007efe14c24000)]
  0x00007efe2caa8800 JavaThread "http-nio-8088-exec-4" daemon [_thread_blocked, id=7516, stack(0x00007efe14c24000,0x00007efe14d25000)]
  0x00007efe2caa6800 JavaThread "http-nio-8088-exec-3" daemon [_thread_blocked, id=7515, stack(0x00007efe14d25000,0x00007efe14e26000)]
  0x00007efe2caa4800 JavaThread "http-nio-8088-exec-2" daemon [_thread_blocked, id=7514, stack(0x00007efe14e26000,0x00007efe14f27000)]
  0x00007efe2caa3000 JavaThread "http-nio-8088-exec-1" daemon [_thread_blocked, id=7513, stack(0x00007efe14f27000,0x00007efe15028000)]
  0x00007efe2ca84000 JavaThread "NioBlockingSelector.BlockPoller-1" daemon [_thread_blocked, id=7512, stack(0x00007efe15028000,0x00007efe15129000)]
  0x00007efe2c957000 JavaThread "container-0" [_thread_blocked, id=7509, stack(0x00007efe15529000,0x00007efe1562a000)]
  0x00007efe2c94d000 JavaThread "ContainerBackgroundProcessor[StandardEngine[Tomcat]]" daemon [_thread_blocked, id=7508, stack(0x00007efe1562a000,0x00007efe1572b000)]
  0x00007efde0183800 JavaThread "localhost-startStop-1" daemon [_thread_blocked, id=7507, stack(0x00007efe15f30000,0x00007efe16031000)]
  0x00007efe2c94c800 JavaThread "Tomcat-startStop-1" daemon [_thread_blocked, id=7506, stack(0x00007efe16431000,0x00007efe16532000)]
  0x00007efe2c4db000 JavaThread "RMI TCP Accept-0" daemon [_thread_in_native, id=7502, stack(0x00007efe16846000,0x00007efe16947000)]
  0x00007efe2c4c0800 JavaThread "RMI TCP Accept-34785" daemon [_thread_in_native, id=7501, stack(0x00007efe16947000,0x00007efe16a48000)]
  0x00007efe2c4ac000 JavaThread "RMI TCP Accept-0" daemon [_thread_in_native, id=7500, stack(0x00007efe16a48000,0x00007efe16b49000)]
  0x00007efe2c0b4800 JavaThread "Service Thread" daemon [_thread_blocked, id=7498, stack(0x00007efe1731e000,0x00007efe1741f000)]
  0x00007efe2c0b1800 JavaThread "C1 CompilerThread1" daemon [_thread_blocked, id=7497, stack(0x00007efe1741f000,0x00007efe17520000)]
  0x00007efe2c0ae800 JavaThread "C2 CompilerThread0" daemon [_thread_blocked, id=7496, stack(0x00007efe17520000,0x00007efe17621000)]
  0x00007efe2c0ac800 JavaThread "Signal Dispatcher" daemon [_thread_blocked, id=7495, stack(0x00007efe17621000,0x00007efe17722000)]
  0x00007efe2c085000 JavaThread "Finalizer" daemon [_thread_blocked, id=7494, stack(0x00007efe179fa000,0x00007efe17afb000)]
  0x00007efe2c080800 JavaThread "Reference Handler" daemon [_thread_blocked, id=7493, stack(0x00007efe17afb000,0x00007efe17bfc000)]

Other Threads:
=>0x00007efe2c078800 VMThread [stack: 0x00007efe17bfc000,0x00007efe17cfd000] [id=7492]
  0x00007efe2c4dd000 WatcherThread [stack: 0x00007efe16745000,0x00007efe16846000] [id=7503]

VM state:at safepoint (normal execution)

VM Mutex/Monitor currently owned by a thread:  ([mutex/lock_event])
[0x00007efe2c00b430] ExpandHeap_lock - owner thread: 0x00007efe2c078800
[0x00007efe2c00bab0] Threads_lock - owner thread: 0x00007efe2c078800
[0x00007efe2c00bfb0] Heap_lock - owner thread: 0x00007efe2caa3000

Heap:
 PSYoungGen      total 219648K, used 10081K [0x00000000f0580000, 0x0000000100000000, 0x0000000100000000)
  eden space 200192K, 0% used [0x00000000f0580000,0x00000000f0580000,0x00000000fc900000)
  from space 19456K, 51% used [0x00000000fed00000,0x00000000ff6d87b0,0x0000000100000000)
  to   space 28160K, 0% used [0x00000000fc900000,0x00000000fc900000,0x00000000fe480000)
 ParOldGen       total 58368K, used 58361K [0x00000000d1000000, 0x00000000d4900000, 0x00000000f0580000)
  object space 58368K, 99% used [0x00000000d1000000,0x00000000d48fe620,0x00000000d4900000)
 Metaspace       used 30734K, capacity 31274K, committed 31488K, reserved 1077248K
  class space    used 3921K, capacity 4049K, committed 4096K, reserved 1048576K

Card table byte_map: [0x00007efe31d50000,0x00007efe31ec9000] byte_map_base: 0x00007efe316c8000

Marking Bits: (ParMarkBitMap*) 0x00007efe34adc2c0
 Begin Bits: [0x00007efe302d3000, 0x00007efe30e93000)
 End Bits:   [0x00007efe30e93000, 0x00007efe31a53000)

Polling page: 0x00007efe35930000

CodeCache: size=245760Kb used=7353Kb max_used=7353Kb free=238406Kb
 bounds [0x00007efe1d000000, 0x00007efe1d730000, 0x00007efe2c000000]
 total_blobs=3778 nmethods=3354 adapters=338
 compilation: enabled

Compilation events (10 events):
Event: 12.217 Thread 0x00007efe2c0b1800 3350   !   1       sun.reflect.GeneratedConstructorAccessor34::newInstance (49 bytes)
Event: 12.218 Thread 0x00007efe2c0b1800 nmethod 3350 0x00007efe1d72b590 code [0x00007efe1d72b720, 0x00007efe1d72ba28]
Event: 12.218 Thread 0x00007efe2c0b1800 3351   !   1       sun.reflect.GeneratedMethodAccessor56::invoke (61 bytes)
Event: 12.218 Thread 0x00007efe2c0b1800 nmethod 3351 0x00007efe1d72bc50 code [0x00007efe1d72be20, 0x00007efe1d72c248]
Event: 12.218 Thread 0x00007efe2c0b1800 3352   !   1       sun.reflect.GeneratedMethodAccessor57::invoke (66 bytes)
Event: 12.218 Thread 0x00007efe2c0b1800 nmethod 3352 0x00007efe1d72c5d0 code [0x00007efe1d72c7a0, 0x00007efe1d72cc48]
Event: 12.218 Thread 0x00007efe2c0b1800 3353   !   1       sun.reflect.GeneratedConstructorAccessor36::newInstance (49 bytes)
Event: 12.219 Thread 0x00007efe2c0b1800 nmethod 3353 0x00007efe1d72d050 code [0x00007efe1d72d1e0, 0x00007efe1d72d4e8]
Event: 12.219 Thread 0x00007efe2c0b1800 3354   !   1       sun.reflect.GeneratedMethodAccessor82::invoke (140 bytes)
Event: 12.219 Thread 0x00007efe2c0b1800 nmethod 3354 0x00007efe1d72d710 code [0x00007efe1d72d920, 0x00007efe1d72e038]

GC Heap History (10 events):
Event: 4.304 GC heap after
Heap after GC invocations=12 (full 1):
 PSYoungGen      total 159232K, used 7177K [0x00000000f0580000, 0x00000000fd380000, 0x0000000100000000)
  eden space 150016K, 0% used [0x00000000f0580000,0x00000000f0580000,0x00000000f9800000)
  from space 9216K, 77% used [0x00000000f9800000,0x00000000f9f02608,0x00000000fa100000)
  to   space 9728K, 0% used [0x00000000fca00000,0x00000000fca00000,0x00000000fd380000)
 ParOldGen       total 28672K, used 21569K [0x00000000d1000000, 0x00000000d2c00000, 0x00000000f0580000)
  object space 28672K, 75% used [0x00000000d1000000,0x00000000d25105e0,0x00000000d2c00000)
 Metaspace       used 28409K, capacity 28854K, committed 29184K, reserved 1075200K
  class space    used 3619K, capacity 3741K, committed 3840K, reserved 1048576K
}
Event: 11.686 GC heap before
{Heap before GC invocations=13 (full 1):
 PSYoungGen      total 159232K, used 157193K [0x00000000f0580000, 0x00000000fd380000, 0x0000000100000000)
  eden space 150016K, 100% used [0x00000000f0580000,0x00000000f9800000,0x00000000f9800000)
  from space 9216K, 77% used [0x00000000f9800000,0x00000000f9f02608,0x00000000fa100000)
  to   space 9728K, 0% used [0x00000000fca00000,0x00000000fca00000,0x00000000fd380000)
 ParOldGen       total 28672K, used 21569K [0x00000000d1000000, 0x00000000d2c00000, 0x00000000f0580000)
  object space 28672K, 75% used [0x00000000d1000000,0x00000000d25105e0,0x00000000d2c00000)
 Metaspace       used 30733K, capacity 31274K, committed 31488K, reserved 1077248K
  class space    used 3921K, capacity 4049K, committed 4096K, reserved 1048576K
Event: 11.721 GC heap after
Heap after GC invocations=13 (full 1):
 PSYoungGen      total 197120K, used 9712K [0x00000000f0580000, 0x00000000fe800000, 0x0000000100000000)
  eden space 187392K, 0% used [0x00000000f0580000,0x00000000f0580000,0x00000000fbc80000)
  from space 9728K, 99% used [0x00000000fca00000,0x00000000fd37c060,0x00000000fd380000)
  to   space 13824K, 0% used [0x00000000fbc80000,0x00000000fbc80000,0x00000000fca00000)
 ParOldGen       total 29696K, used 29572K [0x00000000d1000000, 0x00000000d2d00000, 0x00000000f0580000)
  object space 29696K, 99% used [0x00000000d1000000,0x00000000d2ce10b0,0x00000000d2d00000)
 Metaspace       used 30733K, capacity 31274K, committed 31488K, reserved 1077248K
  class space    used 3921K, capacity 4049K, committed 4096K, reserved 1048576K
}
Event: 11.721 GC heap before
{Heap before GC invocations=14 (full 2):
 PSYoungGen      total 197120K, used 9712K [0x00000000f0580000, 0x00000000fe800000, 0x0000000100000000)
  eden space 187392K, 0% used [0x00000000f0580000,0x00000000f0580000,0x00000000fbc80000)
  from space 9728K, 99% used [0x00000000fca00000,0x00000000fd37c060,0x00000000fd380000)
  to   space 13824K, 0% used [0x00000000fbc80000,0x00000000fbc80000,0x00000000fca00000)
 ParOldGen       total 29696K, used 29572K [0x00000000d1000000, 0x00000000d2d00000, 0x00000000f0580000)
  object space 29696K, 99% used [0x00000000d1000000,0x00000000d2ce10b0,0x00000000d2d00000)
 Metaspace       used 30733K, capacity 31274K, committed 31488K, reserved 1077248K
  class space    used 3921K, capacity 4049K, committed 4096K, reserved 1048576K
Event: 11.964 GC heap after
Heap after GC invocations=14 (full 2):
 PSYoungGen      total 197120K, used 0K [0x00000000f0580000, 0x00000000fe800000, 0x0000000100000000)
  eden space 187392K, 0% used [0x00000000f0580000,0x00000000f0580000,0x00000000fbc80000)
  from space 9728K, 0% used [0x00000000fca00000,0x00000000fca00000,0x00000000fd380000)
  to   space 13824K, 0% used [0x00000000fbc80000,0x00000000fbc80000,0x00000000fca00000)
 ParOldGen       total 58368K, used 28662K [0x00000000d1000000, 0x00000000d4900000, 0x00000000f0580000)
  object space 58368K, 49% used [0x00000000d1000000,0x00000000d2bfd8f8,0x00000000d4900000)
 Metaspace       used 30733K, capacity 31274K, committed 31488K, reserved 1077248K
  class space    used 3921K, capacity 4049K, committed 4096K, reserved 1048576K
}
Event: 12.165 GC heap before
{Heap before GC invocations=15 (full 2):
 PSYoungGen      total 197120K, used 187392K [0x00000000f0580000, 0x00000000fe800000, 0x0000000100000000)
  eden space 187392K, 100% used [0x00000000f0580000,0x00000000fbc80000,0x00000000fbc80000)
  from space 9728K, 0% used [0x00000000fca00000,0x00000000fca00000,0x00000000fd380000)
  to   space 13824K, 0% used [0x00000000fbc80000,0x00000000fbc80000,0x00000000fca00000)
 ParOldGen       total 58368K, used 28662K [0x00000000d1000000, 0x00000000d4900000, 0x00000000f0580000)
  object space 58368K, 49% used [0x00000000d1000000,0x00000000d2bfd8f8,0x00000000d4900000)
 Metaspace       used 30734K, capacity 31274K, committed 31488K, reserved 1077248K
  class space    used 3921K, capacity 4049K, committed 4096K, reserved 1048576K
Event: 12.195 GC heap after
Heap after GC invocations=15 (full 2):
 PSYoungGen      total 201216K, used 13802K [0x00000000f0580000, 0x0000000100000000, 0x0000000100000000)
  eden space 187392K, 0% used [0x00000000f0580000,0x00000000f0580000,0x00000000fbc80000)
  from space 13824K, 99% used [0x00000000fbc80000,0x00000000fc9faaa0,0x00000000fca00000)
  to   space 19456K, 0% used [0x00000000fed00000,0x00000000fed00000,0x0000000100000000)
 ParOldGen       total 58368K, used 37241K [0x00000000d1000000, 0x00000000d4900000, 0x00000000f0580000)
  object space 58368K, 63% used [0x00000000d1000000,0x00000000d345e6e0,0x00000000d4900000)
 Metaspace       used 30734K, capacity 31274K, committed 31488K, reserved 1077248K
  class space    used 3921K, capacity 4049K, committed 4096K, reserved 1048576K
}
Event: 12.284 GC heap before
{Heap before GC invocations=16 (full 2):
 PSYoungGen      total 201216K, used 201194K [0x00000000f0580000, 0x0000000100000000, 0x0000000100000000)
  eden space 187392K, 100% used [0x00000000f0580000,0x00000000fbc80000,0x00000000fbc80000)
  from space 13824K, 99% used [0x00000000fbc80000,0x00000000fc9faaa0,0x00000000fca00000)
  to   space 19456K, 0% used [0x00000000fed00000,0x00000000fed00000,0x0000000100000000)
 ParOldGen       total 58368K, used 37241K [0x00000000d1000000, 0x00000000d4900000, 0x00000000f0580000)
  object space 58368K, 63% used [0x00000000d1000000,0x00000000d345e6e0,0x00000000d4900000)
 Metaspace       used 30734K, capacity 31274K, committed 31488K, reserved 1077248K
  class space    used 3921K, capacity 4049K, committed 4096K, reserved 1048576K
Event: 12.341 GC heap after
Heap after GC invocations=16 (full 2):
 PSYoungGen      total 219648K, used 19443K [0x00000000f0580000, 0x0000000100000000, 0x0000000100000000)
  eden space 200192K, 0% used [0x00000000f0580000,0x00000000f0580000,0x00000000fc900000)
  from space 19456K, 99% used [0x00000000fed00000,0x00000000ffffce88,0x0000000100000000)
  to   space 28160K, 0% used [0x00000000fc900000,0x00000000fc900000,0x00000000fe480000)
 ParOldGen       total 58368K, used 53577K [0x00000000d1000000, 0x00000000d4900000, 0x00000000f0580000)
  object space 58368K, 91% used [0x00000000d1000000,0x00000000d44524d8,0x00000000d4900000)
 Metaspace       used 30734K, capacity 31274K, committed 31488K, reserved 1077248K
  class space    used 3921K, capacity 4049K, committed 4096K, reserved 1048576K
}
Event: 12.341 GC heap before
{Heap before GC invocations=17 (full 3):
 PSYoungGen      total 219648K, used 19443K [0x00000000f0580000, 0x0000000100000000, 0x0000000100000000)
  eden space 200192K, 0% used [0x00000000f0580000,0x00000000f0580000,0x00000000fc900000)
  from space 19456K, 99% used [0x00000000fed00000,0x00000000ffffce88,0x0000000100000000)
  to   space 28160K, 0% used [0x00000000fc900000,0x00000000fc900000,0x00000000fe480000)
 ParOldGen       total 58368K, used 53577K [0x00000000d1000000, 0x00000000d4900000, 0x00000000f0580000)
  object space 58368K, 91% used [0x00000000d1000000,0x00000000d44524d8,0x00000000d4900000)
 Metaspace       used 30734K, capacity 31274K, committed 31488K, reserved 1077248K
  class space    used 3921K, capacity 4049K, committed 4096K, reserved 1048576K

Deoptimization events (0 events):
No events

Internal exceptions (10 events):
Event: 11.547 Thread 0x00007efe2caa3000 Exception <a 'java/lang/ArrayIndexOutOfBoundsException'> (0x00000000f3553260) thrown at [/build/openjdk-8-W2Qe27/openjdk-8-8u151-b12/src/hotspot/src/share/vm/runtime/sharedRuntime.cpp, line 605]
Event: 11.582 Thread 0x00007efe2caa3000 Exception <a 'java/lang/ArrayIndexOutOfBoundsException'> (0x00000000f3bd9378) thrown at [/build/openjdk-8-W2Qe27/openjdk-8-8u151-b12/src/hotspot/src/share/vm/runtime/sharedRuntime.cpp, line 605]
Event: 11.583 Thread 0x00007efe2caa3000 Exception <a 'java/lang/ArrayIndexOutOfBoundsException'> (0x00000000f3bdac88) thrown at [/build/openjdk-8-W2Qe27/openjdk-8-8u151-b12/src/hotspot/src/share/vm/runtime/sharedRuntime.cpp, line 605]
Event: 11.583 Thread 0x00007efe2caa3000 Exception <a 'java/lang/ArrayIndexOutOfBoundsException'> (0x00000000f3bdbc80) thrown at [/build/openjdk-8-W2Qe27/openjdk-8-8u151-b12/src/hotspot/src/share/vm/runtime/sharedRuntime.cpp, line 605]
Event: 11.583 Thread 0x00007efe2caa3000 Exception <a 'java/lang/ArrayIndexOutOfBoundsException'> (0x00000000f3bdce88) thrown at [/build/openjdk-8-W2Qe27/openjdk-8-8u151-b12/src/hotspot/src/share/vm/runtime/sharedRuntime.cpp, line 605]
Event: 11.583 Thread 0x00007efe2caa3000 Exception <a 'java/lang/ArrayIndexOutOfBoundsException'> (0x00000000f3bdf570) thrown at [/build/openjdk-8-W2Qe27/openjdk-8-8u151-b12/src/hotspot/src/share/vm/runtime/sharedRuntime.cpp, line 605]
Event: 11.583 Thread 0x00007efe2caa3000 Exception <a 'java/lang/ArrayIndexOutOfBoundsException'> (0x00000000f3be1b48) thrown at [/build/openjdk-8-W2Qe27/openjdk-8-8u151-b12/src/hotspot/src/share/vm/runtime/sharedRuntime.cpp, line 605]
Event: 11.583 Thread 0x00007efe2caa3000 Exception <a 'java/lang/ArrayIndexOutOfBoundsException'> (0x00000000f3be3068) thrown at [/build/openjdk-8-W2Qe27/openjdk-8-8u151-b12/src/hotspot/src/share/vm/runtime/sharedRuntime.cpp, line 605]
Event: 11.583 Thread 0x00007efe2caa3000 Exception <a 'java/lang/ArrayIndexOutOfBoundsException'> (0x00000000f3be5930) thrown at [/build/openjdk-8-W2Qe27/openjdk-8-8u151-b12/src/hotspot/src/share/vm/runtime/sharedRuntime.cpp, line 605]
Event: 11.583 Thread 0x00007efe2caa3000 Exception <a 'java/lang/ArrayIndexOutOfBoundsException'> (0x00000000f3be7480) thrown at [/build/openjdk-8-W2Qe27/openjdk-8-8u151-b12/src/hotspot/src/share/vm/runtime/sharedRuntime.cpp, line 605]

Events (10 events):
Event: 11.976 Executing VM operation: RevokeBias done
Event: 11.977 Executing VM operation: RevokeBias
Event: 11.979 Executing VM operation: RevokeBias done
Event: 11.980 Executing VM operation: RevokeBias
Event: 11.981 Executing VM operation: RevokeBias done
Event: 11.984 Executing VM operation: RevokeBias
Event: 11.985 Executing VM operation: RevokeBias done
Event: 12.165 Executing VM operation: ParallelGCFailedAllocation
Event: 12.195 Executing VM operation: ParallelGCFailedAllocation done
Event: 12.284 Executing VM operation: ParallelGCFailedAllocation


Dynamic libraries:
00400000-00401000 r-xp 00000000 08:01 287217                             /usr/lib/jvm/java-8-openjdk-amd64/jre/bin/java
00600000-00601000 r--p 00000000 08:01 287217                             /usr/lib/jvm/java-8-openjdk-amd64/jre/bin/java
00601000-00602000 rw-p 00001000 08:01 287217                             /usr/lib/jvm/java-8-openjdk-amd64/jre/bin/java
016c6000-01708000 rw-p 00000000 00:00 0                                  [heap]
d1000000-d4900000 rw-p 00000000 00:00 0 
d7300000-f0580000 ---p 00000000 00:00 0 
f0580000-100000000 rw-p 00000000 00:00 0 
100000000-100400000 rw-p 00000000 00:00 0 
100400000-140000000 ---p 00000000 00:00 0 
7efddc000000-7efddc021000 rw-p 00000000 00:00 0 
7efddc021000-7efde0000000 ---p 00000000 00:00 0 
7efde0000000-7efde01ca000 rw-p 00000000 00:00 0 
7efde01ca000-7efde4000000 ---p 00000000 00:00 0 
7efde4000000-7efde4021000 rw-p 00000000 00:00 0 
7efde4021000-7efde8000000 ---p 00000000 00:00 0 
7efde8000000-7efde8021000 rw-p 00000000 00:00 0 
7efde8021000-7efdec000000 ---p 00000000 00:00 0 
7efdec000000-7efdec04f000 rw-p 00000000 00:00 0 
7efdec04f000-7efdf0000000 ---p 00000000 00:00 0 
7efdf0000000-7efdf0021000 rw-p 00000000 00:00 0 
7efdf0021000-7efdf4000000 ---p 00000000 00:00 0 
7efdf4fff000-7efdf8000000 rw-p 00000000 00:00 0 
7efdf8000000-7efdf8056000 rw-p 00000000 00:00 0 
7efdf8056000-7efdfc000000 ---p 00000000 00:00 0 
7efdfc000000-7efdfc719000 rw-p 00000000 00:00 0 
7efdfc719000-7efe00000000 ---p 00000000 00:00 0 
7efe00000000-7efe00021000 rw-p 00000000 00:00 0 
7efe00021000-7efe04000000 ---p 00000000 00:00 0 
7efe04000000-7efe04021000 rw-p 00000000 00:00 0 
7efe04021000-7efe08000000 ---p 00000000 00:00 0 
7efe08000000-7efe08038000 rw-p 00000000 00:00 0 
7efe08038000-7efe0c000000 ---p 00000000 00:00 0 
7efe0c000000-7efe0c021000 rw-p 00000000 00:00 0 
7efe0c021000-7efe10000000 ---p 00000000 00:00 0 
7efe10000000-7efe10021000 rw-p 00000000 00:00 0 
7efe10021000-7efe14000000 ---p 00000000 00:00 0 
7efe1401a000-7efe140da000 rw-p 00000000 00:00 0 
7efe140da000-7efe1421a000 ---p 00000000 00:00 0 
7efe1421a000-7efe1421d000 ---p 00000000 00:00 0 
7efe1421d000-7efe1431b000 rw-p 00000000 00:00 0 
7efe1431b000-7efe1431e000 ---p 00000000 00:00 0 
7efe1431e000-7efe1441c000 rw-p 00000000 00:00 0 
7efe1441c000-7efe1441f000 ---p 00000000 00:00 0 
7efe1441f000-7efe1451d000 rw-p 00000000 00:00 0 
7efe1451d000-7efe14520000 ---p 00000000 00:00 0 
7efe14520000-7efe1461e000 rw-p 00000000 00:00 0 
7efe1461e000-7efe14621000 ---p 00000000 00:00 0 
7efe14621000-7efe1471f000 rw-p 00000000 00:00 0 
7efe1471f000-7efe14722000 ---p 00000000 00:00 0 
7efe14722000-7efe14820000 rw-p 00000000 00:00 0 
7efe14820000-7efe14823000 ---p 00000000 00:00 0 
7efe14823000-7efe14921000 rw-p 00000000 00:00 0 
7efe14921000-7efe14924000 ---p 00000000 00:00 0 
7efe14924000-7efe14a22000 rw-p 00000000 00:00 0 
7efe14a22000-7efe14a25000 ---p 00000000 00:00 0 
7efe14a25000-7efe14b23000 rw-p 00000000 00:00 0 
7efe14b23000-7efe14b26000 ---p 00000000 00:00 0 
7efe14b26000-7efe14c24000 rw-p 00000000 00:00 0 
7efe14c24000-7efe14c27000 ---p 00000000 00:00 0 
7efe14c27000-7efe14d25000 rw-p 00000000 00:00 0 
7efe14d25000-7efe14d28000 ---p 00000000 00:00 0 
7efe14d28000-7efe14e26000 rw-p 00000000 00:00 0 
7efe14e26000-7efe14e29000 ---p 00000000 00:00 0 
7efe14e29000-7efe14f27000 rw-p 00000000 00:00 0 
7efe14f27000-7efe14f2a000 ---p 00000000 00:00 0 
7efe14f2a000-7efe15028000 rw-p 00000000 00:00 0 
7efe15028000-7efe1502b000 ---p 00000000 00:00 0 
7efe1502b000-7efe15329000 rw-p 00000000 00:00 0 
7efe15329000-7efe15529000 rw-p 00000000 00:00 0 
7efe15529000-7efe1552c000 ---p 00000000 00:00 0 
7efe1552c000-7efe1562a000 rw-p 00000000 00:00 0 
7efe1562a000-7efe1562d000 ---p 00000000 00:00 0 
7efe1562d000-7efe1592b000 rw-p 00000000 00:00 0 
7efe1592b000-7efe15930000 r--s 002f9000 08:01 287197                     /usr/lib/jvm/java-8-openjdk-amd64/jre/lib/charsets.jar
7efe15930000-7efe15b30000 rw-p 00000000 00:00 0 
7efe15b30000-7efe15d30000 rw-p 00000000 00:00 0 
7efe15d30000-7efe15f30000 rw-p 00000000 00:00 0 
7efe15f30000-7efe15f33000 ---p 00000000 00:00 0 
7efe15f33000-7efe16231000 rw-p 00000000 00:00 0 
7efe16231000-7efe16431000 rw-p 00000000 00:00 0 
7efe16431000-7efe16434000 ---p 00000000 00:00 0 
7efe16434000-7efe16532000 rw-p 00000000 00:00 0 
7efe16532000-7efe16545000 r--s 00346000 08:01 287198                     /usr/lib/jvm/java-8-openjdk-amd64/jre/lib/resources.jar
7efe16545000-7efe16745000 rw-p 00000000 00:00 0 
7efe16745000-7efe16746000 ---p 00000000 00:00 0 
7efe16746000-7efe16846000 rw-p 00000000 00:00 0 
7efe16846000-7efe16849000 ---p 00000000 00:00 0 
7efe16849000-7efe16947000 rw-p 00000000 00:00 0 
7efe16947000-7efe1694a000 ---p 00000000 00:00 0 
7efe1694a000-7efe16a48000 rw-p 00000000 00:00 0 
7efe16a48000-7efe16a4b000 ---p 00000000 00:00 0 
7efe16a4b000-7efe16b49000 rw-p 00000000 00:00 0 
7efe16b49000-7efe16b4e000 r--s 0009a000 08:01 287199                     /usr/lib/jvm/java-8-openjdk-amd64/jre/lib/jsse.jar
7efe16b4e000-7efe16b4f000 r--s 0000c000 08:01 56361                      /home/student/.gradle/caches/modules-2/files-2.1/org.ow2.asm/asm/5.0.3/dcc2193db20e19e1feca8b1240dbbc4e190824fa/asm-5.0.3.jar
7efe16b4f000-7efe16b51000 r--s 00012000 08:01 56360                      /home/student/.gradle/caches/modules-2/files-2.1/net.minidev/accessors-smart/1.1/a527213f2fea112a04c9bdf0ec0264e34104cd08/accessors-smart-1.1.jar
7efe16b51000-7efe16b52000 r--s 00004000 08:01 56359                      /home/student/.gradle/caches/modules-2/files-2.1/com.vaadin.external.google/android-json/0.0.20131108.vaadin1/fa26d351fe62a6a17f5cda1287c1c6110dec413f/android-json-0.0.20131108.vaadin1.jar
7efe16b52000-7efe16b54000 r--s 00009000 08:01 56358                      /home/student/.gradle/caches/modules-2/files-2.1/org.objenesis/objenesis/2.1/87c0ea803b69252868d09308b4618f766f135a96/objenesis-2.1.jar
7efe16b54000-7efe16b57000 r--s 0001b000 08:01 56357                      /home/student/.gradle/caches/modules-2/files-2.1/net.minidev/json-smart/2.2.1/5b9e5df7a62d1279b70dc882b041d249c4f0b002/json-smart-2.2.1.jar
7efe16b57000-7efe16b65000 r--s 00085000 08:01 56356                      /home/student/.gradle/caches/modules-2/files-2.1/org.springframework/spring-test/4.3.13.RELEASE/f4ff71b0d628d37f334d4f1f197c1b8cea364d01/spring-test-4.3.13.RELEASE.jar
7efe16b65000-7efe16b67000 r--s 00006000 08:01 56355                      /home/student/.gradle/caches/modules-2/files-2.1/org.skyscreamer/jsonassert/1.4.0/9cdbb373a06f6513e51e8c545ee6a5e981463edb/jsonassert-1.4.0.jar
7efe16b67000-7efe16b68000 r--s 0000c000 08:01 12719                      /home/student/.gradle/caches/modules-2/files-2.1/org.hamcrest/hamcrest-library/1.3/4785a3c21320980282f9f33d0d1264a69040538f/hamcrest-library-1.3.jar
7efe16b68000-7efe16b84000 r--s 00103000 08:01 56354                      /home/student/.gradle/caches/modules-2/files-2.1/org.mockito/mockito-core/1.10.19/e8546f5bef4e061d8dd73895b4e8f40e3fe6effe/mockito-core-1.10.19.jar
7efe16b84000-7efe16b98000 r--s 000dc000 08:01 56353                      /home/student/.gradle/caches/modules-2/files-2.1/org.assertj/assertj-core/2.6.0/b532c3fc4f66bcfee4989a3514f1cd56203a33ad/assertj-core-2.6.0.jar
7efe16b98000-7efe16b9d000 r--s 0002e000 08:01 56352                      /home/student/.gradle/caches/modules-2/files-2.1/com.jayway.jsonpath/json-path/2.2.0/22290d17944bd239fabf5ac69005a60a7ecbbbcb/json-path-2.2.0.jar
7efe16b9d000-7efe16ba2000 r--s 00019000 08:01 56351                      /home/student/.gradle/caches/modules-2/files-2.1/org.springframework.boot/spring-boot-test-autoconfigure/1.5.9.RELEASE/b428495e25b0531b2a977f51c5d29011c817b8ee/spring-boot-test-autoconfigure-1.5.9.RELEASE.jar
7efe16ba2000-7efe16ba6000 r--s 00020000 08:01 56350                      /home/student/.gradle/caches/modules-2/files-2.1/org.springframework.boot/spring-boot-test/1.5.9.RELEASE/7e604d56325f04a8b89a280e647746fc69e5a21f/spring-boot-test-1.5.9.RELEASE.jar
7efe16ba6000-7efe16ba8000 r--s 00009000 08:01 12721                      /home/student/.gradle/caches/modules-2/files-2.1/org.hamcrest/hamcrest-core/1.3/42a25dc3219429f0e5d060061f71acb49bf010a0/hamcrest-core-1.3.jar
7efe16ba8000-7efe16ba9000 r--s 00000000 08:01 56349                      /home/student/.gradle/caches/modules-2/files-2.1/org.springframework.boot/spring-boot-starter-test/1.5.9.RELEASE/b5adf6fbf53be00b7ae52f657d564122edbe5156/spring-boot-starter-test-1.5.9.RELEASE.jar
7efe16ba9000-7efe16bb1000 r--s 00045000 08:01 12714                      /home/student/.gradle/caches/modules-2/files-2.1/junit/junit/4.12/2973d150c0dc1fefe998f834810d68f278ea58ec/junit-4.12.jar
7efe16bb1000-7efe16bb3000 r--s 00009000 08:01 56348                      /home/student/.gradle/caches/modules-2/files-2.1/org.slf4j/slf4j-api/1.7.25/da76ca59f6a57ee3102f8f9bd9cee742973efa8a/slf4j-api-1.7.25.jar
7efe16bb3000-7efe16bbe000 r--s 0006a000 08:01 56347                      /home/student/.gradle/caches/modules-2/files-2.1/ch.qos.logback/logback-core/1.1.11/88b8df40340eed549fb07e2613879bf6b006704d/logback-core-1.1.11.jar
7efe16bbe000-7efe16bc0000 r--s 00003000 08:01 56346                      /home/student/.gradle/caches/modules-2/files-2.1/org.apache.tomcat/tomcat-annotations-api/8.5.23/aaf17df9fe0240e9e9d5375d24d5f177174b73d9/tomcat-annotations-api-8.5.23.jar
7efe16bc0000-7efe16bc2000 r--s 00004000 08:01 56345                      /home/student/.gradle/caches/modules-2/files-2.1/org.slf4j/log4j-over-slf4j/1.7.25/a87bb47468f47ee7aabbd54f93e133d4215769c3/log4j-over-slf4j-1.7.25.jar
7efe16bc2000-7efe16bc4000 r--s 00000000 08:01 56344                      /home/student/.gradle/caches/modules-2/files-2.1/org.slf4j/jul-to-slf4j/1.7.25/af5364cd6679bfffb114f0dec8a157aaa283b76/jul-to-slf4j-1.7.25.jar
7efe16bc4000-7efe16bc6000 r--s 00003000 08:01 56343                      /home/student/.gradle/caches/modules-2/files-2.1/org.slf4j/jcl-over-slf4j/1.7.25/f8c32b13ff142a513eeb5b6330b1588dcb2c0461/jcl-over-slf4j-1.7.25.jar
7efe16bc6000-7efe16bcd000 r--s 00045000 08:01 56342                      /home/student/.gradle/caches/modules-2/files-2.1/ch.qos.logback/logback-classic/1.1.11/ccedfbacef4a6515d2983e3f89ed753d5d4fb665/logback-classic-1.1.11.jar
7efe16bcd000-7efe16bd6000 r--s 00054000 08:01 56341                      /home/student/.gradle/caches/modules-2/files-2.1/org.springframework/spring-aop/4.3.13.RELEASE/61f427b55951f59b50f3c2bd0de3c48960e2a342/spring-aop-4.3.13.RELEASE.jar
7efe16bd6000-7efe16bda000 r--s 00042000 08:01 56340                      /home/student/.gradle/caches/modules-2/files-2.1/com.fasterxml.jackson.core/jackson-core/2.8.10/eb21a035c66ad307e66ec8fce37f5d50fd62d039/jackson-core-2.8.10.jar
7efe16bda000-7efe16bdd000 r--s 0000b000 08:01 56339                      /home/student/.gradle/caches/modules-2/files-2.1/com.fasterxml.jackson.core/jackson-annotations/2.8.0/45b426f7796b741035581a176744d91090e2e6fb/jackson-annotations-2.8.0.jar
7efe16bdd000-7efe16bdf000 r--s 0000e000 08:01 56338                      /home/student/.gradle/caches/modules-2/files-2.1/com.fasterxml/classmate/1.3.4/3d5f48f10bbe4eb7bd862f10c0583be2e0053c6/classmate-1.3.4.jar
7efe16bdf000-7efe16be2000 r--s 0000e000 08:01 56337                      /home/student/.gradle/caches/modules-2/files-2.1/org.jboss.logging/jboss-logging/3.3.1.Final/c46217ab74b532568c0ed31dc599db3048bd1b67/jboss-logging-3.3.1.Final.jar
7efe16be2000-7efe16be6000 r--s 0000c000 08:01 56336                      /home/student/.gradle/caches/modules-2/files-2.1/javax.validation/validation-api/1.1.0.Final/8613ae82954779d518631e05daa73a6a954817d5/validation-api-1.1.0.Final.jar
7efe16be6000-7efe16beb000 r--s 00038000 08:01 56335                      /home/student/.gradle/caches/modules-2/files-2.1/org.apache.tomcat.embed/tomcat-embed-websocket/8.5.23/52f07abcae10dc7e1764304b0877def175c2c833/tomcat-embed-websocket-8.5.23.jar
7efe16beb000-7efe16bef000 r--s 00037000 08:01 56334                      /home/student/.gradle/caches/modules-2/files-2.1/org.apache.tomcat.embed/tomcat-embed-el/8.5.23/98d979cde444dffa6d434c8377d0123b2dfa614c/tomcat-embed-el-8.5.23.jar
7efe16bef000-7efe16c18000 r--s 002c7000 08:01 56333                      /home/student/.gradle/caches/modules-2/files-2.1/org.apache.tomcat.embed/tomcat-embed-core/8.5.23/79261793a47f507890ee08f749b9d81774e4f7f0/tomcat-embed-core-8.5.23.jar
7efe16c18000-7efe16c1e000 r--s 0003d000 08:01 56332                      /home/student/.gradle/caches/modules-2/files-2.1/org.yaml/snakeyaml/1.17/7a27ea250c5130b2922b86dea63cbb1cc10a660c/snakeyaml-1.17.jar
7efe16c1e000-7efe16c1f000 r--s 00000000 08:01 56331                      /home/student/.gradle/caches/modules-2/files-2.1/org.springframework.boot/spring-boot-starter-logging/1.5.9.RELEASE/30fd62a1ce9639759d90d49608501082314c1628/spring-boot-starter-logging-1.5.9.RELEASE.jar
7efe16c1f000-7efe16c3f000 r--s 000e6000 08:01 56330                      /home/student/.gradle/caches/modules-2/files-2.1/org.springframework.boot/spring-boot-autoconfigure/1.5.9.RELEASE/88dd18bdaf317ae40971573a051fd47265f2ed39/spring-boot-autoconfigure-1.5.9.RELEASE.jar
7efe16c3f000-7efe16c4f000 r--s 00095000 08:01 56329                      /home/student/.gradle/caches/modules-2/files-2.1/org.springframework.boot/spring-boot/1.5.9.RELEASE/f472cdf948288796fb31e0bb03f6e7b022b763a0/spring-boot-1.5.9.RELEASE.jar
7efe16c4f000-7efe16c51000 r--s 00005000 08:01 56280                      /home/student/.gradle/caches/modules-2/files-2.1/xpp3/xpp3_min/1.1.4c/19d4e90b43059058f6e056f794f0ea4030d60b86/xpp3_min-1.1.4c.jar
7efe16c51000-7efe16c52000 r--s 00001000 08:01 56328                      /home/student/.gradle/caches/modules-2/files-2.1/xmlpull/xmlpull/1.1.3.1/2b8e230d2ab644e4ecaa94db7cdedbc40c805dfa/xmlpull-1.1.3.1.jar
7efe16c52000-7efe16c53000 r--s 00000000 08:01 56327                      /home/student/.gradle/caches/modules-2/files-2.1/org.codehaus.mojo/animal-sniffer-annotations/1.14/775b7e22fb10026eed3f86e8dc556dfafe35f2d5/animal-sniffer-annotations-1.14.jar
7efe16c53000-7efe16c55000 r--s 00001000 08:01 56326                      /home/student/.gradle/caches/modules-2/files-2.1/com.google.j2objc/j2objc-annotations/1.1/ed28ded51a8b1c6b112568def5f4b455e6809019/j2objc-annotations-1.1.jar
7efe16c55000-7efe16c56000 r--s 00002000 08:01 56325                      /home/student/.gradle/caches/modules-2/files-2.1/com.google.errorprone/error_prone_annotations/2.0.18/5f65affce1684999e2f4024983835efc3504012e/error_prone_annotations-2.0.18.jar
7efe16c56000-7efe16c68000 r--s 00042000 08:01 56324                      /home/student/.gradle/caches/modules-2/files-2.1/org.checkerframework/checker-qual/2.0.0/518929596ee3249127502a8573b2e008e2d51ed3/checker-qual-2.0.0.jar
7efe16c68000-7efe16c7f000 r--s 000fc000 08:01 56213                      /home/student/.gradle/caches/modules-2/files-2.1/org.springframework/spring-core/4.3.13.RELEASE/eea18d7f4d01f1baa1b6728b678b5a6fe23c61f6/spring-core-4.3.13.RELEASE.jar
7efe16c7f000-7efe16c98000 r--s 000fe000 08:01 56321                      /home/student/.gradle/caches/modules-2/files-2.1/org.springframework/spring-context/4.3.13.RELEASE/6ab1c189a13182fa3256f6bbc68fafdaf8f5a19e/spring-context-4.3.13.RELEASE.jar
7efe16c98000-7efe16ca6000 r--s 000ad000 08:01 56320                      /home/student/.gradle/caches/modules-2/files-2.1/org.springframework/spring-beans/4.3.13.RELEASE/8613a7077722f1d97f8cb3fea4b0b40bfadf4496/spring-beans-4.3.13.RELEASE.jar
7efe16ca6000-7efe16cb8000 r--s 000b8000 08:01 56318                      /home/student/.gradle/caches/modules-2/files-2.1/org.springframework/spring-web/4.3.13.RELEASE/7cd084992d546165ede3e99bc31ee49c937f0ce7/spring-web-4.3.13.RELEASE.jar
7efe16cb8000-7efe16ce9000 r--s 00259000 08:01 56313                      /home/student/.gradle/caches/modules-2/files-2.1/com.google.guava/guava/23.5-jre/e9ce4989adf6092a3dab6152860e93d989e8cf88/guava-23.5-jre.jar
7efe16ce9000-7efe16cfa000 r-xp 00000000 08:01 287191                     /usr/lib/jvm/java-8-openjdk-amd64/jre/lib/amd64/libnio.so
7efe16cfa000-7efe16efa000 ---p 00011000 08:01 287191                     /usr/lib/jvm/java-8-openjdk-amd64/jre/lib/amd64/libnio.so
7efe16efa000-7efe16efb000 r--p 00011000 08:01 287191                     /usr/lib/jvm/java-8-openjdk-amd64/jre/lib/amd64/libnio.so
7efe16efb000-7efe16efc000 rw-p 00012000 08:01 287191                     /usr/lib/jvm/java-8-openjdk-amd64/jre/lib/amd64/libnio.so
7efe16efc000-7efe16f13000 r-xp 00000000 08:01 287178                     /usr/lib/jvm/java-8-openjdk-amd64/jre/lib/amd64/libnet.so
7efe16f13000-7efe17112000 ---p 00017000 08:01 287178                     /usr/lib/jvm/java-8-openjdk-amd64/jre/lib/amd64/libnet.so
7efe17112000-7efe17113000 r--p 00016000 08:01 287178                     /usr/lib/jvm/java-8-openjdk-amd64/jre/lib/amd64/libnet.so
7efe17113000-7efe17114000 rw-p 00017000 08:01 287178                     /usr/lib/jvm/java-8-openjdk-amd64/jre/lib/amd64/libnet.so
7efe17114000-7efe1711d000 r-xp 00000000 08:01 287161                     /usr/lib/jvm/java-8-openjdk-amd64/jre/lib/amd64/libmanagement.so
7efe1711d000-7efe1731c000 ---p 00009000 08:01 287161                     /usr/lib/jvm/java-8-openjdk-amd64/jre/lib/amd64/libmanagement.so
7efe1731c000-7efe1731d000 r--p 00008000 08:01 287161                     /usr/lib/jvm/java-8-openjdk-amd64/jre/lib/amd64/libmanagement.so
7efe1731d000-7efe1731e000 rw-p 00009000 08:01 287161                     /usr/lib/jvm/java-8-openjdk-amd64/jre/lib/amd64/libmanagement.so
7efe1731e000-7efe17321000 ---p 00000000 00:00 0 
7efe17321000-7efe1741f000 rw-p 00000000 00:00 0 
7efe1741f000-7efe17422000 ---p 00000000 00:00 0 
7efe17422000-7efe17520000 rw-p 00000000 00:00 0 
7efe17520000-7efe17523000 ---p 00000000 00:00 0 
7efe17523000-7efe17621000 rw-p 00000000 00:00 0 
7efe17621000-7efe17624000 ---p 00000000 00:00 0 
7efe17624000-7efe17722000 rw-p 00000000 00:00 0 
7efe17722000-7efe179fa000 r--p 00000000 08:01 1534                       /usr/lib/locale/locale-archive
7efe179fa000-7efe179fd000 ---p 00000000 00:00 0 
7efe179fd000-7efe17afb000 rw-p 00000000 00:00 0 
7efe17afb000-7efe17afe000 ---p 00000000 00:00 0 
7efe17afe000-7efe17bfc000 rw-p 00000000 00:00 0 
7efe17bfc000-7efe17bfd000 ---p 00000000 00:00 0 
7efe17bfd000-7efe18000000 rw-p 00000000 00:00 0 
7efe18000000-7efe18032000 rw-p 00000000 00:00 0 
7efe18032000-7efe1c000000 ---p 00000000 00:00 0 
7efe1c000000-7efe1c003000 r--s 00006000 08:01 56323                      /home/student/.gradle/caches/modules-2/files-2.1/com.google.code.findbugs/jsr305/1.3.9/40719ea6961c0cb6afaeb6a921eaa1f6afd4cfdf/jsr305-1.3.9.jar
7efe1c003000-7efe1c008000 r--s 0003c000 08:01 56322                      /home/student/.gradle/caches/modules-2/files-2.1/org.springframework/spring-expression/4.3.13.RELEASE/da22bf7df1262e429b49653be6cd5b89b6affe5e/spring-expression-4.3.13.RELEASE.jar
7efe1c008000-7efe1c01a000 r--s 0011e000 08:01 56317                      /home/student/.gradle/caches/modules-2/files-2.1/com.fasterxml.jackson.core/jackson-databind/2.8.10/f7b83cb2bc4b88d53961e749e1ad32f49ef017b7/jackson-databind-2.8.10.jar
7efe1c01a000-7efe1c02b000 r--s 000a1000 08:01 56316                      /home/student/.gradle/caches/modules-2/files-2.1/org.hibernate/hibernate-validator/5.3.6.Final/4c730be8bf55a8e9a61e79a2f2c079abf48b718/hibernate-validator-5.3.6.Final.jar
7efe1c02b000-7efe1c631000 rw-p 00000000 00:00 0 
7efe1c631000-7efe1c800000 r--s 03c21000 08:01 287134                     /usr/lib/jvm/java-8-openjdk-amd64/jre/lib/rt.jar
7efe1c800000-7efe1d000000 rw-p 00000000 00:00 0 
7efe1d000000-7efe1d730000 rwxp 00000000 00:00 0 
7efe1d730000-7efe2c000000 ---p 00000000 00:00 0 
7efe2c000000-7efe2cb01000 rw-p 00000000 00:00 0 
7efe2cb01000-7efe30000000 ---p 00000000 00:00 0 
7efe30000000-7efe30010000 r--s 00079000 08:01 56319                      /home/student/.gradle/caches/modules-2/files-2.1/org.springframework.boot/spring-boot-actuator/1.5.9.RELEASE/c4aaf71a1298c1bde690fcf75df39036745396c6/spring-boot-actuator-1.5.9.RELEASE.jar
7efe30010000-7efe30011000 r--s 00000000 08:01 56315                      /home/student/.gradle/caches/modules-2/files-2.1/org.springframework.boot/spring-boot-starter-tomcat/1.5.9.RELEASE/4615056f8a2bcad03ba8cdf410419ee3d101c5bb/spring-boot-starter-tomcat-1.5.9.RELEASE.jar
7efe30011000-7efe30012000 r--s 00000000 08:01 56314                      /home/student/.gradle/caches/modules-2/files-2.1/org.springframework.boot/spring-boot-starter/1.5.9.RELEASE/6bfb34db2715ee86c6e2337fa145650588b4b1b3/spring-boot-starter-1.5.9.RELEASE.jar
7efe30012000-7efe3001f000 r--s 00075000 08:01 56281                      /home/student/.gradle/caches/modules-2/files-2.1/com.thoughtworks.xstream/xstream/1.4.7/bce3282142b63068260f021fcbe48b72e8d71a1a/xstream-1.4.7.jar
7efe3001f000-7efe30030000 r--s 000c6000 08:01 56312                      /home/student/.gradle/caches/modules-2/files-2.1/org.springframework/spring-webmvc/4.2.6.RELEASE/7c7ea475d33287e0e3a92e98ccbe0ad6a0dbb9ca/spring-webmvc-4.2.6.RELEASE.jar
7efe30030000-7efe30031000 r--s 00000000 08:01 56311                      /home/student/.gradle/caches/modules-2/files-2.1/org.springframework.boot/spring-boot-starter-actuator/1.5.9.RELEASE/5fcdcdef573e55e5dba9b499e3f5582f6b3c3fbe/spring-boot-starter-actuator-1.5.9.RELEASE.jar
7efe30031000-7efe30032000 r--s 00000000 08:01 56310                      /home/student/.gradle/caches/modules-2/files-2.1/org.springframework.boot/spring-boot-starter-web/1.5.9.RELEASE/bda9733d5e6ba6d1a97deead1738713dc0631b3e/spring-boot-starter-web-1.5.9.RELEASE.jar
7efe30032000-7efe3003e000 r--s 0007b000 08:01 56309                      /home/student/.gradle/caches/modules-2/files-2.1/org.modelmapper/modelmapper/1.1.1/eca02e49bb6c4f64a1c13d65ef01da548eb8b371/modelmapper-1.1.1.jar
7efe3003e000-7efe30044000 r--s 0003a000 08:01 287142                     /usr/lib/jvm/java-8-openjdk-amd64/jre/lib/ext/sunjce_provider.jar
7efe30044000-7efe3005f000 r--s 001d6000 08:01 287141                     /usr/lib/jvm/java-8-openjdk-amd64/jre/lib/ext/nashorn.jar
7efe3005f000-7efe30063000 r--s 00037000 08:01 287145                     /usr/lib/jvm/java-8-openjdk-amd64/jre/lib/ext/sunpkcs11.jar
7efe30063000-7efe3007e000 r--s 00394000 08:01 287139                     /usr/lib/jvm/java-8-openjdk-amd64/jre/lib/ext/cldrdata.jar
7efe3007e000-7efe3007f000 r--s 00010000 08:01 287140                     /usr/lib/jvm/java-8-openjdk-amd64/jre/lib/ext/zipfs.jar
7efe3007f000-7efe30082000 r--s 0000f000 08:01 287138                     /usr/lib/jvm/java-8-openjdk-amd64/jre/lib/ext/icedtea-sound.jar
7efe30082000-7efe31a53000 rw-p 00000000 00:00 0 
7efe31a53000-7efe31a54000 ---p 00000000 00:00 0 
7efe31a54000-7efe31b54000 rw-p 00000000 00:00 0 
7efe31b54000-7efe31b55000 ---p 00000000 00:00 0 
7efe31b55000-7efe31c72000 rw-p 00000000 00:00 0 
7efe31c72000-7efe31d50000 ---p 00000000 00:00 0 
7efe31d50000-7efe31d6d000 rw-p 00000000 00:00 0 
7efe31d6d000-7efe31e4a000 ---p 00000000 00:00 0 
7efe31e4a000-7efe31ec8000 rw-p 00000000 00:00 0 
7efe31ec8000-7efe31ee6000 rw-p 00000000 00:00 0 
7efe31ee6000-7efe32289000 ---p 00000000 00:00 0 
7efe32289000-7efe32291000 r-xp 00000000 08:01 287185                     /usr/lib/jvm/java-8-openjdk-amd64/jre/lib/amd64/libzip.so
7efe32291000-7efe32490000 ---p 00008000 08:01 287185                     /usr/lib/jvm/java-8-openjdk-amd64/jre/lib/amd64/libzip.so
7efe32490000-7efe32491000 r--p 00007000 08:01 287185                     /usr/lib/jvm/java-8-openjdk-amd64/jre/lib/amd64/libzip.so
7efe32491000-7efe32492000 rw-p 00008000 08:01 287185                     /usr/lib/jvm/java-8-openjdk-amd64/jre/lib/amd64/libzip.so
7efe32492000-7efe3249d000 r-xp 00000000 08:01 153251                     /lib/x86_64-linux-gnu/libnss_files-2.23.so
7efe3249d000-7efe3269c000 ---p 0000b000 08:01 153251                     /lib/x86_64-linux-gnu/libnss_files-2.23.so
7efe3269c000-7efe3269d000 r--p 0000a000 08:01 153251                     /lib/x86_64-linux-gnu/libnss_files-2.23.so
7efe3269d000-7efe3269e000 rw-p 0000b000 08:01 153251                     /lib/x86_64-linux-gnu/libnss_files-2.23.so
7efe3269e000-7efe326a4000 rw-p 00000000 00:00 0 
7efe326a4000-7efe326af000 r-xp 00000000 08:01 153259                     /lib/x86_64-linux-gnu/libnss_nis-2.23.so
7efe326af000-7efe328ae000 ---p 0000b000 08:01 153259                     /lib/x86_64-linux-gnu/libnss_nis-2.23.so
7efe328ae000-7efe328af000 r--p 0000a000 08:01 153259                     /lib/x86_64-linux-gnu/libnss_nis-2.23.so
7efe328af000-7efe328b0000 rw-p 0000b000 08:01 153259                     /lib/x86_64-linux-gnu/libnss_nis-2.23.so
7efe328b0000-7efe328c6000 r-xp 00000000 08:01 137488                     /lib/x86_64-linux-gnu/libnsl-2.23.so
7efe328c6000-7efe32ac5000 ---p 00016000 08:01 137488                     /lib/x86_64-linux-gnu/libnsl-2.23.so
7efe32ac5000-7efe32ac6000 r--p 00015000 08:01 137488                     /lib/x86_64-linux-gnu/libnsl-2.23.so
7efe32ac6000-7efe32ac7000 rw-p 00016000 08:01 137488                     /lib/x86_64-linux-gnu/libnsl-2.23.so
7efe32ac7000-7efe32ac9000 rw-p 00000000 00:00 0 
7efe32ac9000-7efe32ad1000 r-xp 00000000 08:01 153241                     /lib/x86_64-linux-gnu/libnss_compat-2.23.so
7efe32ad1000-7efe32cd0000 ---p 00008000 08:01 153241                     /lib/x86_64-linux-gnu/libnss_compat-2.23.so
7efe32cd0000-7efe32cd1000 r--p 00007000 08:01 153241                     /lib/x86_64-linux-gnu/libnss_compat-2.23.so
7efe32cd1000-7efe32cd2000 rw-p 00008000 08:01 153241                     /lib/x86_64-linux-gnu/libnss_compat-2.23.so
7efe32cd2000-7efe32cff000 r-xp 00000000 08:01 287166                     /usr/lib/jvm/java-8-openjdk-amd64/jre/lib/amd64/libjava.so
7efe32cff000-7efe32efe000 ---p 0002d000 08:01 287166                     /usr/lib/jvm/java-8-openjdk-amd64/jre/lib/amd64/libjava.so
7efe32efe000-7efe32eff000 r--p 0002c000 08:01 287166                     /usr/lib/jvm/java-8-openjdk-amd64/jre/lib/amd64/libjava.so
7efe32eff000-7efe32f01000 rw-p 0002d000 08:01 287166                     /usr/lib/jvm/java-8-openjdk-amd64/jre/lib/amd64/libjava.so
7efe32f01000-7efe32f10000 r-xp 00000000 08:01 287183                     /usr/lib/jvm/java-8-openjdk-amd64/jre/lib/amd64/libverify.so
7efe32f10000-7efe3310f000 ---p 0000f000 08:01 287183                     /usr/lib/jvm/java-8-openjdk-amd64/jre/lib/amd64/libverify.so
7efe3310f000-7efe33111000 r--p 0000e000 08:01 287183                     /usr/lib/jvm/java-8-openjdk-amd64/jre/lib/amd64/libverify.so
7efe33111000-7efe33112000 rw-p 00010000 08:01 287183                     /usr/lib/jvm/java-8-openjdk-amd64/jre/lib/amd64/libverify.so
7efe33112000-7efe33119000 r-xp 00000000 08:01 153261                     /lib/x86_64-linux-gnu/librt-2.23.so
7efe33119000-7efe33318000 ---p 00007000 08:01 153261                     /lib/x86_64-linux-gnu/librt-2.23.so
7efe33318000-7efe33319000 r--p 00006000 08:01 153261                     /lib/x86_64-linux-gnu/librt-2.23.so
7efe33319000-7efe3331a000 rw-p 00007000 08:01 153261                     /lib/x86_64-linux-gnu/librt-2.23.so
7efe3331a000-7efe33330000 r-xp 00000000 08:01 137163                     /lib/x86_64-linux-gnu/libgcc_s.so.1
7efe33330000-7efe3352f000 ---p 00016000 08:01 137163                     /lib/x86_64-linux-gnu/libgcc_s.so.1
7efe3352f000-7efe33530000 rw-p 00015000 08:01 137163                     /lib/x86_64-linux-gnu/libgcc_s.so.1
7efe33530000-7efe33638000 r-xp 00000000 08:01 137355                     /lib/x86_64-linux-gnu/libm-2.23.so
7efe33638000-7efe33837000 ---p 00108000 08:01 137355                     /lib/x86_64-linux-gnu/libm-2.23.so
7efe33837000-7efe33838000 r--p 00107000 08:01 137355                     /lib/x86_64-linux-gnu/libm-2.23.so
7efe33838000-7efe33839000 rw-p 00108000 08:01 137355                     /lib/x86_64-linux-gnu/libm-2.23.so
7efe33839000-7efe339ab000 r-xp 00000000 08:01 423                        /usr/lib/x86_64-linux-gnu/libstdc++.so.6.0.21
7efe339ab000-7efe33bab000 ---p 00172000 08:01 423                        /usr/lib/x86_64-linux-gnu/libstdc++.so.6.0.21
7efe33bab000-7efe33bb5000 r--p 00172000 08:01 423                        /usr/lib/x86_64-linux-gnu/libstdc++.so.6.0.21
7efe33bb5000-7efe33bb7000 rw-p 0017c000 08:01 423                        /usr/lib/x86_64-linux-gnu/libstdc++.so.6.0.21
7efe33bb7000-7efe33bbb000 rw-p 00000000 00:00 0 
7efe33bbb000-7efe3480d000 r-xp 00000000 08:01 287177                     /usr/lib/jvm/java-8-openjdk-amd64/jre/lib/amd64/server/libjvm.so
7efe3480d000-7efe34a0d000 ---p 00c52000 08:01 287177                     /usr/lib/jvm/java-8-openjdk-amd64/jre/lib/amd64/server/libjvm.so
7efe34a0d000-7efe34aa0000 r--p 00c52000 08:01 287177                     /usr/lib/jvm/java-8-openjdk-amd64/jre/lib/amd64/server/libjvm.so
7efe34aa0000-7efe34ac9000 rw-p 00ce5000 08:01 287177                     /usr/lib/jvm/java-8-openjdk-amd64/jre/lib/amd64/server/libjvm.so
7efe34ac9000-7efe34af9000 rw-p 00000000 00:00 0 
7efe34af9000-7efe34b11000 r-xp 00000000 08:01 147485                     /lib/x86_64-linux-gnu/libpthread-2.23.so
7efe34b11000-7efe34d10000 ---p 00018000 08:01 147485                     /lib/x86_64-linux-gnu/libpthread-2.23.so
7efe34d10000-7efe34d11000 r--p 00017000 08:01 147485                     /lib/x86_64-linux-gnu/libpthread-2.23.so
7efe34d11000-7efe34d12000 rw-p 00018000 08:01 147485                     /lib/x86_64-linux-gnu/libpthread-2.23.so
7efe34d12000-7efe34d16000 rw-p 00000000 00:00 0 
7efe34d16000-7efe34d19000 r-xp 00000000 08:01 153229                     /lib/x86_64-linux-gnu/libdl-2.23.so
7efe34d19000-7efe34f18000 ---p 00003000 08:01 153229                     /lib/x86_64-linux-gnu/libdl-2.23.so
7efe34f18000-7efe34f19000 r--p 00002000 08:01 153229                     /lib/x86_64-linux-gnu/libdl-2.23.so
7efe34f19000-7efe34f1a000 rw-p 00003000 08:01 153229                     /lib/x86_64-linux-gnu/libdl-2.23.so
7efe34f1a000-7efe34f33000 r-xp 00000000 08:01 137316                     /lib/x86_64-linux-gnu/libz.so.1.2.8
7efe34f33000-7efe35132000 ---p 00019000 08:01 137316                     /lib/x86_64-linux-gnu/libz.so.1.2.8
7efe35132000-7efe35133000 r--p 00018000 08:01 137316                     /lib/x86_64-linux-gnu/libz.so.1.2.8
7efe35133000-7efe35134000 rw-p 00019000 08:01 137316                     /lib/x86_64-linux-gnu/libz.so.1.2.8
7efe35134000-7efe352f4000 r-xp 00000000 08:01 153213                     /lib/x86_64-linux-gnu/libc-2.23.so
7efe352f4000-7efe354f4000 ---p 001c0000 08:01 153213                     /lib/x86_64-linux-gnu/libc-2.23.so
7efe354f4000-7efe354f8000 r--p 001c0000 08:01 153213                     /lib/x86_64-linux-gnu/libc-2.23.so
7efe354f8000-7efe354fa000 rw-p 001c4000 08:01 153213                     /lib/x86_64-linux-gnu/libc-2.23.so
7efe354fa000-7efe354fe000 rw-p 00000000 00:00 0 
7efe354fe000-7efe3550b000 r-xp 00000000 08:01 287181                     /usr/lib/jvm/java-8-openjdk-amd64/jre/lib/amd64/jli/libjli.so
7efe3550b000-7efe3570b000 ---p 0000d000 08:01 287181                     /usr/lib/jvm/java-8-openjdk-amd64/jre/lib/amd64/jli/libjli.so
7efe3570b000-7efe3570c000 r--p 0000d000 08:01 287181                     /usr/lib/jvm/java-8-openjdk-amd64/jre/lib/amd64/jli/libjli.so
7efe3570c000-7efe3570d000 rw-p 0000e000 08:01 287181                     /usr/lib/jvm/java-8-openjdk-amd64/jre/lib/amd64/jli/libjli.so
7efe3570d000-7efe35733000 r-xp 00000000 08:01 137493                     /lib/x86_64-linux-gnu/ld-2.23.so
7efe35733000-7efe35735000 r--s 00001000 08:01 287147                     /usr/lib/jvm/java-8-openjdk-amd64/jre/lib/ext/dnsns.jar
7efe35735000-7efe35736000 r--s 0000a000 08:01 287146                     /usr/lib/jvm/java-8-openjdk-amd64/jre/lib/ext/jaccess.jar
7efe35736000-7efe35816000 rw-p 00000000 00:00 0 
7efe35816000-7efe35819000 ---p 00000000 00:00 0 
7efe35819000-7efe3591b000 rw-p 00000000 00:00 0 
7efe3591b000-7efe3591d000 r--s 00008000 08:01 287143                     /usr/lib/jvm/java-8-openjdk-amd64/jre/lib/ext/sunec.jar
7efe3591d000-7efe35927000 r--s 00116000 08:01 287144                     /usr/lib/jvm/java-8-openjdk-amd64/jre/lib/ext/localedata.jar
7efe35927000-7efe3592f000 rw-s 00000000 08:01 917883                     /tmp/hsperfdata_student/7484
7efe3592f000-7efe35930000 rw-p 00000000 00:00 0 
7efe35930000-7efe35931000 ---p 00000000 00:00 0 
7efe35931000-7efe35932000 rw-p 00000000 00:00 0 
7efe35932000-7efe35933000 r--p 00025000 08:01 137493                     /lib/x86_64-linux-gnu/ld-2.23.so
7efe35933000-7efe35934000 rw-p 00026000 08:01 137493                     /lib/x86_64-linux-gnu/ld-2.23.so
7efe35934000-7efe35935000 rw-p 00000000 00:00 0 
7fffceeb1000-7fffceed5000 rw-p 00000000 00:00 0                          [stack]
7fffceefe000-7fffcef01000 r--p 00000000 00:00 0                          [vvar]
7fffcef01000-7fffcef03000 r-xp 00000000 00:00 0                          [vdso]
ffffffffff600000-ffffffffff601000 r-xp 00000000 00:00 0                  [vsyscall]

VM Arguments:
jvm_args: -Dcom.sun.management.jmxremote -Dcom.sun.management.jmxremote.port=34785 -Dcom.sun.management.jmxremote.authenticate=false -Dcom.sun.management.jmxremote.ssl=false -Djava.rmi.server.hostname=localhost -Dspring.application.admin.enabled=true -Djava.security.egd=file:/dev/./urandom -Xverify:none -XX:TieredStopAtLevel=1 -Dfile.encoding=UTF-8 
java_command: ca.mcgill.ecse321.TMS.TMSSpringApplication
java_class_path (initial): /usr/lib/jvm/java-8-openjdk-amd64/jre/lib/resources.jar:/usr/lib/jvm/java-8-openjdk-amd64/jre/lib/rt.jar:/usr/lib/jvm/java-8-openjdk-amd64/jre/lib/jsse.jar:/usr/lib/jvm/java-8-openjdk-amd64/jre/lib/jce.jar:/usr/lib/jvm/java-8-openjdk-amd64/jre/lib/charsets.jar:/usr/lib/jvm/java-8-openjdk-amd64/jre/lib/ext/localedata.jar:/usr/lib/jvm/java-8-openjdk-amd64/jre/lib/ext/sunec.jar:/usr/lib/jvm/java-8-openjdk-amd64/jre/lib/ext/jaccess.jar:/usr/lib/jvm/java-8-openjdk-amd64/jre/lib/ext/dnsns.jar:/usr/lib/jvm/java-8-openjdk-amd64/jre/lib/ext/icedtea-sound.jar:/usr/lib/jvm/java-8-openjdk-amd64/jre/lib/ext/zipfs.jar:/usr/lib/jvm/java-8-openjdk-amd64/jre/lib/ext/cldrdata.jar:/usr/lib/jvm/java-8-openjdk-amd64/jre/lib/ext/sunpkcs11.jar:/usr/lib/jvm/java-8-openjdk-amd64/jre/lib/ext/nashorn.jar:/usr/lib/jvm/java-8-openjdk-amd64/jre/lib/ext/sunjce_provider.jar:/home/student/ECSE321/Project-09/TMS-Spring/bin:/home/student/.gradle/caches/modules-2/files-2.1/org.modelmapper/modelmapper/1.1.1/eca02e49bb6c4f64a1c13d65ef01da548eb8b371/modelmapper-1.1.1.jar:/home/student/.gradle/caches/modules-2/files-2.1/org.springframework.boot/spring-boot-starter-web/1.5.9.RELEASE/bda9733d5e6ba6d1a97deead1738713dc0631b3e/spring-boot-starter-web-1.5.9.RELEASE.jar:/home/student/.gradle/caches/modules-2/files-2.1/org.springframework.boot/spring-boot-starter-actuator/1.5.9.RELEASE/5fcdcdef573e55e5dba9b499e3f5582f6b3c3fbe/spring-boot-starter-actuator-1.5.9.RELEASE.jar:/home/student/.gradle/caches/modules-2/files-2.1/org.springframework/spring-webmvc/4.2.6.RELEASE/7c7ea475d33287e0e3a92e98ccbe0ad6a0dbb9ca/spring-webmvc-4.2.6.RELEASE.jar:/home/student/.gradle/caches/modules-2/files-2.1/com.google.guava/guava/23.5-jre/e9ce4989adf6092a3dab6152860e93d989e8cf88/guava-23.5-jre.jar:/home/student/.gradle/caches/modules-2/files-2.1/com.thoughtworks.xstream/xstream/1.4.7/bce3282142b63068260f021fcbe48b72e8d71a1a/xstream-1.4.7.jar:/home/student/.gradle/caches/modules-2/files-2.1/org.springframe
Launcher Type: SUN_STANDARD

Environment Variables:
PATH=/home/student/bin:/home/student/.local/bin:/usr/local/sbin:/usr/local/bin:/usr/sbin:/usr/bin:/sbin:/bin:/usr/games:/usr/local/games:/snap/bin
SHELL=/bin/bash
DISPLAY=:0

Signal Handlers:
SIGSEGV: [libjvm.so+0xa69040], sa_mask[0]=11111111011111111101111111111110, sa_flags=SA_RESTART|SA_SIGINFO
SIGBUS: [libjvm.so+0xa69040], sa_mask[0]=11111111011111111101111111111110, sa_flags=SA_RESTART|SA_SIGINFO
SIGFPE: [libjvm.so+0x8b2170], sa_mask[0]=11111111011111111101111111111110, sa_flags=SA_RESTART|SA_SIGINFO
SIGPIPE: [libjvm.so+0x8b2170], sa_mask[0]=11111111011111111101111111111110, sa_flags=SA_RESTART|SA_SIGINFO
SIGXFSZ: [libjvm.so+0x8b2170], sa_mask[0]=11111111011111111101111111111110, sa_flags=SA_RESTART|SA_SIGINFO
SIGILL: [libjvm.so+0x8b2170], sa_mask[0]=11111111011111111101111111111110, sa_flags=SA_RESTART|SA_SIGINFO
SIGUSR1: SIG_DFL, sa_mask[0]=00000000000000000000000000000000, sa_flags=none
SIGUSR2: [libjvm.so+0x8b2020], sa_mask[0]=00100000000000000000000000000000, sa_flags=SA_RESTART|SA_SIGINFO
SIGHUP: [libjvm.so+0x8b24f0], sa_mask[0]=11111111011111111101111111111110, sa_flags=SA_RESTART|SA_SIGINFO
SIGINT: [libjvm.so+0x8b24f0], sa_mask[0]=11111111011111111101111111111110, sa_flags=SA_RESTART|SA_SIGINFO
SIGTERM: [libjvm.so+0x8b24f0], sa_mask[0]=11111111011111111101111111111110, sa_flags=SA_RESTART|SA_SIGINFO
SIGQUIT: [libjvm.so+0x8b24f0], sa_mask[0]=11111111011111111101111111111110, sa_flags=SA_RESTART|SA_SIGINFO


---------------  S Y S T E M  ---------------

OS:DISTRIB_ID=Ubuntu
DISTRIB_RELEASE=16.04
DISTRIB_CODENAME=xenial
DISTRIB_DESCRIPTION="Ubuntu 16.04.3 LTS"

uname:Linux 4.13.0-36-generic #40~16.04.1-Ubuntu SMP Fri Feb 16 23:25:58 UTC 2018 x86_64
libc:glibc 2.23 NPTL 2.23 
rlimit: STACK 8192k, CORE 0k, NPROC 11800, NOFILE 1048576, AS infinity
load average:1.25 0.79 0.75

/proc/meminfo:
MemTotal:        3073580 kB
MemFree:           72040 kB
MemAvailable:      14364 kB
Buffers:             376 kB
Cached:            39672 kB
SwapCached:            0 kB
Active:          2821544 kB
Inactive:          32204 kB
Active(anon):    2814732 kB
Inactive(anon):    22548 kB
Active(file):       6812 kB
Inactive(file):     9656 kB
Unevictable:          32 kB
Mlocked:              32 kB
SwapTotal:             0 kB
SwapFree:              0 kB
Dirty:                76 kB
Writeback:             0 kB
AnonPages:       2813776 kB
Mapped:            33492 kB
Shmem:             23536 kB
Slab:              71204 kB
SReclaimable:      26788 kB
SUnreclaim:        44416 kB
KernelStack:       10640 kB
PageTables:        37616 kB
NFS_Unstable:          0 kB
Bounce:                0 kB
WritebackTmp:          0 kB
CommitLimit:     1536788 kB
Committed_AS:    7198128 kB
VmallocTotal:   34359738367 kB
VmallocUsed:           0 kB
VmallocChunk:          0 kB
HardwareCorrupted:     0 kB
AnonHugePages:         0 kB
ShmemHugePages:        0 kB
ShmemPmdMapped:        0 kB
CmaTotal:              0 kB
CmaFree:               0 kB
HugePages_Total:       0
HugePages_Free:        0
HugePages_Rsvd:        0
HugePages_Surp:        0
Hugepagesize:       2048 kB
DirectMap4k:      110528 kB
DirectMap2M:     3035136 kB


CPU:total 2 (initial active 2) (2 cores per cpu, 1 threads per core) family 6 model 60 stepping 3, cmov, cx8, fxsr, mmx, sse, sse2, sse3, ssse3, sse4.1, sse4.2, popcnt, avx, avx2, aes, clmul, lzcnt, tsc, tscinvbit

/proc/cpuinfo:
processor	: 0
vendor_id	: GenuineIntel
cpu family	: 6
model		: 60
model name	: Intel(R) Core(TM) i7-4710HQ CPU @ 2.50GHz
stepping	: 3
cpu MHz		: 2494.224
cache size	: 6144 KB
physical id	: 0
siblings	: 2
core id		: 0
cpu cores	: 2
apicid		: 0
initial apicid	: 0
fpu		: yes
fpu_exception	: yes
cpuid level	: 13
wp		: yes
flags		: fpu vme de pse tsc msr pae mce cx8 apic sep mtrr pge mca cmov pat pse36 clflush mmx fxsr sse sse2 ht syscall nx rdtscp lm constant_tsc rep_good nopl xtopology nonstop_tsc cpuid pni pclmulqdq ssse3 cx16 sse4_1 sse4_2 movbe popcnt aes xsave avx rdrand hypervisor lahf_lm abm pti retpoline avx2
bugs		: cpu_meltdown spectre_v1 spectre_v2
bogomips	: 4988.44
clflush size	: 64
cache_alignment	: 64
address sizes	: 39 bits physical, 48 bits virtual
power management:

processor	: 1
vendor_id	: GenuineIntel
cpu family	: 6
model		: 60
model name	: Intel(R) Core(TM) i7-4710HQ CPU @ 2.50GHz
stepping	: 3
cpu MHz		: 2494.224
cache size	: 6144 KB
physical id	: 0
siblings	: 2
core id		: 1
cpu cores	: 2
apicid		: 1
initial apicid	: 1
fpu		: yes
fpu_exception	: yes
cpuid level	: 13
wp		: yes
flags		: fpu vme de pse tsc msr pae mce cx8 apic sep mtrr pge mca cmov pat pse36 clflush mmx fxsr sse sse2 ht syscall nx rdtscp lm constant_tsc rep_good nopl xtopology nonstop_tsc cpuid pni pclmulqdq ssse3 cx16 sse4_1 sse4_2 movbe popcnt aes xsave avx rdrand hypervisor lahf_lm abm pti retpoline avx2
bugs		: cpu_meltdown spectre_v1 spectre_v2
bogomips	: 4988.44
clflush size	: 64
cache_alignment	: 64
address sizes	: 39 bits physical, 48 bits virtual
power management:



Memory: 4k page, physical 3073580k(71772k free), swap 0k(0k free)

vm_info: OpenJDK 64-Bit Server VM (25.151-b12) for linux-amd64 JRE (1.8.0_151-8u151-b12-0ubuntu0.16.04.2-b12), built on Oct 27 2017 21:59:02 by "buildd" with gcc 5.4.0 20160609

time: Fri Feb 23 23:56:49 2018
elapsed time: 13 seconds (0d 0h 0m 13s)

